Analysis & Synthesis report for Block1
Thu Jul 16 15:17:13 2020
Quartus II Version 9.0 Build 235 06/17/2009 Service Pack 2 SJ Web Edition


---------------------
; Table of Contents ;
---------------------
  1. Legal Notice
  2. Analysis & Synthesis Summary
  3. Analysis & Synthesis Settings
  4. Analysis & Synthesis Source Files Read
  5. Analysis & Synthesis Resource Usage Summary
  6. Analysis & Synthesis Resource Utilization by Entity
  7. Registers Removed During Synthesis
  8. General Register Statistics
  9. Multiplexer Restructuring Statistics (Restructuring Performed)
 10. Parameter Settings for User Entity Instance: DDJF:inst7
 11. Parameter Settings for User Entity Instance: LCJF:inst5
 12. Analysis & Synthesis Messages



----------------
; Legal Notice ;
----------------
Copyright (C) 1991-2009 Altera Corporation
Your use of Altera Corporation's design tools, logic functions 
and other software and tools, and its AMPP partner logic 
functions, and any output files from any of the foregoing 
(including device programming or simulation files), and any 
associated documentation or information are expressly subject 
to the terms and conditions of the Altera Program License 
Subscription Agreement, Altera MegaCore Function License 
Agreement, or other applicable license agreement, including, 
without limitation, that your use is for the sole purpose of 
programming logic devices manufactured by Altera and sold by 
Altera or its authorized distributors.  Please refer to the 
applicable agreement for further details.



+-----------------------------------------------------------------------------------+
; Analysis & Synthesis Summary                                                      ;
+------------------------------------+----------------------------------------------+
; Analysis & Synthesis Status        ; Successful - Thu Jul 16 15:17:13 2020        ;
; Quartus II Version                 ; 9.0 Build 235 06/17/2009 SP 2 SJ Web Edition ;
; Revision Name                      ; Block1                                       ;
; Top-level Entity Name              ; Block1                                       ;
; Family                             ; Cyclone II                                   ;
; Total logic elements               ; 265                                          ;
;     Total combinational functions  ; 265                                          ;
;     Dedicated logic registers      ; 107                                          ;
; Total registers                    ; 107                                          ;
; Total pins                         ; 15                                           ;
; Total virtual pins                 ; 0                                            ;
; Total memory bits                  ; 0                                            ;
; Embedded Multiplier 9-bit elements ; 0                                            ;
; Total PLLs                         ; 0                                            ;
+------------------------------------+----------------------------------------------+


+--------------------------------------------------------------------------------------------------------+
; Analysis & Synthesis Settings                                                                          ;
+--------------------------------------------------------------+--------------------+--------------------+
; Option                                                       ; Setting            ; Default Value      ;
+--------------------------------------------------------------+--------------------+--------------------+
; Device                                                       ; EP2C8T144C8        ;                    ;
; Top-level entity name                                        ; Block1             ; Block1             ;
; Family name                                                  ; Cyclone II         ; Stratix            ;
; Use smart compilation                                        ; Off                ; Off                ;
; Restructure Multiplexers                                     ; Auto               ; Auto               ;
; Create Debugging Nodes for IP Cores                          ; Off                ; Off                ;
; Preserve fewer node names                                    ; On                 ; On                 ;
; Disable OpenCore Plus hardware evaluation                    ; Off                ; Off                ;
; Verilog Version                                              ; Verilog_2001       ; Verilog_2001       ;
; VHDL Version                                                 ; VHDL93             ; VHDL93             ;
; State Machine Processing                                     ; Auto               ; Auto               ;
; Safe State Machine                                           ; Off                ; Off                ;
; Extract Verilog State Machines                               ; On                 ; On                 ;
; Extract VHDL State Machines                                  ; On                 ; On                 ;
; Ignore Verilog initial constructs                            ; Off                ; Off                ;
; Iteration limit for constant Verilog loops                   ; 5000               ; 5000               ;
; Iteration limit for non-constant Verilog loops               ; 250                ; 250                ;
; Add Pass-Through Logic to Inferred RAMs                      ; On                 ; On                 ;
; Parallel Synthesis                                           ; Off                ; Off                ;
; DSP Block Balancing                                          ; Auto               ; Auto               ;
; NOT Gate Push-Back                                           ; On                 ; On                 ;
; Power-Up Don't Care                                          ; On                 ; On                 ;
; Remove Redundant Logic Cells                                 ; Off                ; Off                ;
; Remove Duplicate Registers                                   ; On                 ; On                 ;
; Ignore CARRY Buffers                                         ; Off                ; Off                ;
; Ignore CASCADE Buffers                                       ; Off                ; Off                ;
; Ignore GLOBAL Buffers                                        ; Off                ; Off                ;
; Ignore ROW GLOBAL Buffers                                    ; Off                ; Off                ;
; Ignore LCELL Buffers                                         ; Off                ; Off                ;
; Ignore SOFT Buffers                                          ; On                 ; On                 ;
; Limit AHDL Integers to 32 Bits                               ; Off                ; Off                ;
; Optimization Technique                                       ; Balanced           ; Balanced           ;
; Carry Chain Length                                           ; 70                 ; 70                 ;
; Auto Carry Chains                                            ; On                 ; On                 ;
; Auto Open-Drain Pins                                         ; On                 ; On                 ;
; Perform WYSIWYG Primitive Resynthesis                        ; Off                ; Off                ;
; Auto ROM Replacement                                         ; On                 ; On                 ;
; Auto RAM Replacement                                         ; On                 ; On                 ;
; Auto Shift Register Replacement                              ; Auto               ; Auto               ;
; Auto Clock Enable Replacement                                ; On                 ; On                 ;
; Strict RAM Replacement                                       ; Off                ; Off                ;
; Allow Synchronous Control Signals                            ; On                 ; On                 ;
; Force Use of Synchronous Clear Signals                       ; Off                ; Off                ;
; Auto RAM to Logic Cell Conversion                            ; Off                ; Off                ;
; Auto Resource Sharing                                        ; Off                ; Off                ;
; Allow Any RAM Size For Recognition                           ; Off                ; Off                ;
; Allow Any ROM Size For Recognition                           ; Off                ; Off                ;
; Allow Any Shift Register Size For Recognition                ; Off                ; Off                ;
; Use LogicLock Constraints during Resource Balancing          ; On                 ; On                 ;
; Ignore translate_off and synthesis_off directives            ; Off                ; Off                ;
; Timing-Driven Synthesis                                      ; Off                ; Off                ;
; Show Parameter Settings Tables in Synthesis Report           ; On                 ; On                 ;
; Ignore Maximum Fan-Out Assignments                           ; Off                ; Off                ;
; Synchronization Register Chain Length                        ; 2                  ; 2                  ;
; PowerPlay Power Optimization                                 ; Normal compilation ; Normal compilation ;
; HDL message level                                            ; Level2             ; Level2             ;
; Suppress Register Optimization Related Messages              ; Off                ; Off                ;
; Number of Removed Registers Reported in Synthesis Report     ; 100                ; 100                ;
; Number of Inverted Registers Reported in Synthesis Report    ; 100                ; 100                ;
; Clock MUX Protection                                         ; On                 ; On                 ;
; Auto Gated Clock Conversion                                  ; Off                ; Off                ;
; Block Design Naming                                          ; Auto               ; Auto               ;
; SDC constraint protection                                    ; Off                ; Off                ;
; Synthesis Effort                                             ; Auto               ; Auto               ;
; Shift Register Replacement - Allow Asynchronous Clear Signal ; On                 ; On                 ;
; Analysis & Synthesis Message Level                           ; Medium             ; Medium             ;
+--------------------------------------------------------------+--------------------+--------------------+


+-------------------------------------------------------------------------------------------------------------------------------------------------+
; Analysis & Synthesis Source Files Read                                                                                                          ;
+----------------------------------+-----------------+------------------------------------------+-------------------------------------------------+
; File Name with User-Entered Path ; Used in Netlist ; File Type                                ; File Name with Absolute Path                    ;
+----------------------------------+-----------------+------------------------------------------+-------------------------------------------------+
; DDJF.vhd                         ; yes             ; User VHDL File                           ; C:/Users/席卓然/Desktop/出租车计价器/DDJF.vhd   ;
; DDJS.vhd                         ; yes             ; User VHDL File                           ; C:/Users/席卓然/Desktop/出租车计价器/DDJS.vhd   ;
; DDPB.vhd                         ; yes             ; User VHDL File                           ; C:/Users/席卓然/Desktop/出租车计价器/DDPB.vhd   ;
; FPQ.vhd                          ; yes             ; User VHDL File                           ; C:/Users/席卓然/Desktop/出租车计价器/FPQ.vhd    ;
; LCJF.vhd                         ; yes             ; User VHDL File                           ; C:/Users/席卓然/Desktop/出租车计价器/LCJF.vhd   ;
; LCJS.vhd                         ; yes             ; User VHDL File                           ; C:/Users/席卓然/Desktop/出租车计价器/LCJS.vhd   ;
; SCXZ.vhd                         ; yes             ; User VHDL File                           ; C:/Users/席卓然/Desktop/出租车计价器/SCXZ.vhd   ;
; Block1.bdf                       ; yes             ; Auto-Found Block Diagram/Schematic File  ; C:/Users/席卓然/Desktop/出租车计价器/Block1.bdf ;
+----------------------------------+-----------------+------------------------------------------+-------------------------------------------------+


+-----------------------------------------------------+
; Analysis & Synthesis Resource Usage Summary         ;
+---------------------------------------------+-------+
; Resource                                    ; Usage ;
+---------------------------------------------+-------+
; Estimated Total logic elements              ; 265   ;
;                                             ;       ;
; Total combinational functions               ; 265   ;
; Logic element usage by number of LUT inputs ;       ;
;     -- 4 input functions                    ; 117   ;
;     -- 3 input functions                    ; 37    ;
;     -- <=2 input functions                  ; 111   ;
;                                             ;       ;
; Logic elements by mode                      ;       ;
;     -- normal mode                          ; 190   ;
;     -- arithmetic mode                      ; 75    ;
;                                             ;       ;
; Total registers                             ; 107   ;
;     -- Dedicated logic registers            ; 107   ;
;     -- I/O registers                        ; 0     ;
;                                             ;       ;
; I/O pins                                    ; 15    ;
; Maximum fan-out node                        ; START ;
; Maximum fan-out                             ; 88    ;
; Total fan-out                               ; 1185  ;
; Average fan-out                             ; 3.06  ;
+---------------------------------------------+-------+


+-----------------------------------------------------------------------------------------------------------------------------------------------------------------------------+
; Analysis & Synthesis Resource Utilization by Entity                                                                                                                         ;
+----------------------------+-------------------+--------------+-------------+--------------+---------+-----------+------+--------------+---------------------+--------------+
; Compilation Hierarchy Node ; LC Combinationals ; LC Registers ; Memory Bits ; DSP Elements ; DSP 9x9 ; DSP 18x18 ; Pins ; Virtual Pins ; Full Hierarchy Name ; Library Name ;
+----------------------------+-------------------+--------------+-------------+--------------+---------+-----------+------+--------------+---------------------+--------------+
; |Block1                    ; 265 (0)           ; 107 (0)      ; 0           ; 0            ; 0       ; 0         ; 15   ; 0            ; |Block1             ; work         ;
;    |DDJF:inst7|            ; 32 (32)           ; 25 (25)      ; 0           ; 0            ; 0       ; 0         ; 0    ; 0            ; |Block1|DDJF:inst7  ; work         ;
;    |DDJS:inst6|            ; 24 (24)           ; 16 (16)      ; 0           ; 0            ; 0       ; 0         ; 0    ; 0            ; |Block1|DDJS:inst6  ; work         ;
;    |DDPB:inst2|            ; 27 (27)           ; 18 (18)      ; 0           ; 0            ; 0       ; 0         ; 0    ; 0            ; |Block1|DDPB:inst2  ; work         ;
;    |FPQ:inst|              ; 13 (13)           ; 8 (8)        ; 0           ; 0            ; 0       ; 0         ; 0    ; 0            ; |Block1|FPQ:inst    ; work         ;
;    |LCJF:inst5|            ; 14 (14)           ; 14 (14)      ; 0           ; 0            ; 0       ; 0         ; 0    ; 0            ; |Block1|LCJF:inst5  ; work         ;
;    |LCJS:inst4|            ; 114 (114)         ; 26 (26)      ; 0           ; 0            ; 0       ; 0         ; 0    ; 0            ; |Block1|LCJS:inst4  ; work         ;
;    |SCXZ:inst8|            ; 41 (41)           ; 0 (0)        ; 0           ; 0            ; 0       ; 0         ; 0    ; 0            ; |Block1|SCXZ:inst8  ; work         ;
+----------------------------+-------------------+--------------+-------------+--------------+---------+-----------+------+--------------+---------------------+--------------+
Note: For table entries with two numbers listed, the numbers in parentheses indicate the number of resources of the given type used by the specific entity alone. The numbers listed outside of parentheses indicate the total resources of the given type used by the specific entity and all of its sub-entities in the hierarchy.


+--------------------------------------------------------------------------------+
; Registers Removed During Synthesis                                             ;
+---------------------------------------+----------------------------------------+
; Register name                         ; Reason for Removal                     ;
+---------------------------------------+----------------------------------------+
; LCJF:inst5|LCFY1[0..1]                ; Stuck at GND due to stuck port data_in ;
; DDJS:inst6|XIDENG                     ; Stuck at VCC due to stuck port data_in ;
; Total Number of Removed Registers = 3 ;                                        ;
+---------------------------------------+----------------------------------------+


+------------------------------------------------------+
; General Register Statistics                          ;
+----------------------------------------------+-------+
; Statistic                                    ; Value ;
+----------------------------------------------+-------+
; Total registers                              ; 107   ;
; Number of registers using Synchronous Clear  ; 22    ;
; Number of registers using Synchronous Load   ; 0     ;
; Number of registers using Asynchronous Clear ; 88    ;
; Number of registers using Asynchronous Load  ; 0     ;
; Number of registers using Clock Enable       ; 65    ;
; Number of registers using Preset             ; 0     ;
+----------------------------------------------+-------+


+------------------------------------------------------------------------------------------------------------------------------------------+
; Multiplexer Restructuring Statistics (Restructuring Performed)                                                                           ;
+--------------------+-----------+---------------+----------------------+------------------------+------------+----------------------------+
; Multiplexer Inputs ; Bus Width ; Baseline Area ; Area if Restructured ; Saving if Restructured ; Registered ; Example Multiplexer Output ;
+--------------------+-----------+---------------+----------------------+------------------------+------------+----------------------------+
; 8:1                ; 2 bits    ; 10 LEs        ; 8 LEs                ; 2 LEs                  ; No         ; |Block1|SCXZ:inst8|DATA[1] ;
; 8:1                ; 6 bits    ; 30 LEs        ; 30 LEs               ; 0 LEs                  ; No         ; |Block1|SCXZ:inst8|DATA[5] ;
+--------------------+-----------+---------------+----------------------+------------------------+------------+----------------------------+


+---------------------------------------------------------+
; Parameter Settings for User Entity Instance: DDJF:inst7 ;
+----------------+-------+--------------------------------+
; Parameter Name ; Value ; Type                           ;
+----------------+-------+--------------------------------+
; wdj1           ; 20    ; Untyped                        ;
; wdj2           ; 33    ; Untyped                        ;
+----------------+-------+--------------------------------+
Note: In order to hide this table in the UI and the text report file, please set the "Show Parameter Settings Tables in Synthesis Report" option in "Analysis and Synthesis Settings -> More Settings" to "Off".


+---------------------------------------------------------+
; Parameter Settings for User Entity Instance: LCJF:inst5 ;
+----------------+-------+--------------------------------+
; Parameter Name ; Value ; Type                           ;
+----------------+-------+--------------------------------+
; sd1            ; 140   ; Untyped                        ;
; sd2            ; 180   ; Untyped                        ;
+----------------+-------+--------------------------------+
Note: In order to hide this table in the UI and the text report file, please set the "Show Parameter Settings Tables in Synthesis Report" option in "Analysis and Synthesis Settings -> More Settings" to "Off".


+-------------------------------+
; Analysis & Synthesis Messages ;
+-------------------------------+
Info: *******************************************************************
Info: Running Quartus II Analysis & Synthesis
    Info: Version 9.0 Build 235 06/17/2009 Service Pack 2 SJ Web Edition
    Info: Processing started: Thu Jul 16 15:17:08 2020
Info: Command: quartus_map --read_settings_files=on --write_settings_files=off Block1 -c Block1
Info: Found 2 design units, including 1 entities, in source file DDJF.vhd
    Info: Found design unit 1: DDJF-ART
    Info: Found entity 1: DDJF
Info: Found 2 design units, including 1 entities, in source file DDJS.vhd
    Info: Found design unit 1: DDJS-ART
    Info: Found entity 1: DDJS
Info: Found 2 design units, including 1 entities, in source file DDPB.vhd
    Info: Found design unit 1: DDPB-ART
    Info: Found entity 1: DDPB
Info: Found 2 design units, including 1 entities, in source file FPQ.vhd
    Info: Found design unit 1: FPQ-ART
    Info: Found entity 1: FPQ
Info: Found 2 design units, including 1 entities, in source file LCJF.vhd
    Info: Found design unit 1: LCJF-ART
    Info: Found entity 1: LCJF
Info: Found 2 design units, including 1 entities, in source file LCJS.vhd
    Info: Found design unit 1: LCJS-ART
    Info: Found entity 1: LCJS
Info: Found 2 design units, including 1 entities, in source file SCXZ.vhd
    Info: Found design unit 1: SCXZ-ART
    Info: Found entity 1: SCXZ
Warning: Can't analyze file -- file C:/Documents and Settings/Administrator/桌面/出租车计价器/Block1.bdf is missing
Warning: Using design file Block1.bdf, which is not specified as a design file for the current project, but contains definitions for 1 design units and 1 entities in project
    Info: Found entity 1: Block1
Info: Elaborating entity "Block1" for the top level hierarchy
Info: Elaborating entity "SCXZ" for hierarchy "SCXZ:inst8"
Info: Elaborating entity "DDJF" for hierarchy "DDJF:inst7"
Warning (10492): VHDL Process Statement warning at DDJF.vhd(33): signal "START" is read inside the Process Statement but isn't in the Process Statement's sensitivity list
Info: Elaborating entity "DDJS" for hierarchy "DDJS:inst6"
Info: Elaborating entity "DDPB" for hierarchy "DDPB:inst2"
Info: Elaborating entity "FPQ" for hierarchy "FPQ:inst"
Warning (10492): VHDL Process Statement warning at FPQ.vhd(24): signal "CLK1" is read inside the Process Statement but isn't in the Process Statement's sensitivity list
Warning (10492): VHDL Process Statement warning at FPQ.vhd(26): signal "CLK1" is read inside the Process Statement but isn't in the Process Statement's sensitivity list
Info: Elaborating entity "LCJF" for hierarchy "LCJF:inst5"
Info: Elaborating entity "LCJS" for hierarchy "LCJS:inst4"
Info: Implemented 282 device resources after synthesis - the final resource count might be different
    Info: Implemented 7 input pins
    Info: Implemented 8 output pins
    Info: Implemented 267 logic cells
Info: Quartus II Analysis & Synthesis was successful. 0 errors, 5 warnings
    Info: Peak virtual memory: 278 megabytes
    Info: Processing ended: Thu Jul 16 15:17:13 2020
    Info: Elapsed time: 00:00:05
    Info: Total CPU time (on all processors): 00:00:05


