Fitter report for Block1
Thu Jul 16 15:17:17 2020
Quartus II Version 9.0 Build 235 06/17/2009 Service Pack 2 SJ Web Edition


---------------------
; Table of Contents ;
---------------------
  1. Legal Notice
  2. Fitter Summary
  3. Fitter Settings
  4. Parallel Compilation
  5. Pin-Out File
  6. Fitter Resource Usage Summary
  7. Input Pins
  8. Output Pins
  9. I/O Bank Usage
 10. All Package Pins
 11. Output Pin Default Load For Reported TCO
 12. Fitter Resource Utilization by Entity
 13. Delay Chain Summary
 14. Pad To Core Delay Chain Fanout
 15. Control Signals
 16. Global & Other Fast Signals
 17. Non-Global High Fan-Out Signals
 18. Interconnect Usage Summary
 19. LAB Logic Elements
 20. LAB-wide Signals
 21. LAB Signals Sourced
 22. LAB Signals Sourced Out
 23. LAB Distinct Inputs
 24. Fitter Device Options
 25. Operating Settings and Conditions
 26. Estimated Delay Added for Hold Timing
 27. Advanced Data - General
 28. Advanced Data - Placement Preparation
 29. Advanced Data - Placement
 30. Advanced Data - Routing
 31. Fitter Messages



----------------
; Legal Notice ;
----------------
Copyright (C) 1991-2009 Altera Corporation
Your use of Altera Corporation's design tools, logic functions 
and other software and tools, and its AMPP partner logic 
functions, and any output files from any of the foregoing 
(including device programming or simulation files), and any 
associated documentation or information are expressly subject 
to the terms and conditions of the Altera Program License 
Subscription Agreement, Altera MegaCore Function License 
Agreement, or other applicable license agreement, including, 
without limitation, that your use is for the sole purpose of 
programming logic devices manufactured by Altera and sold by 
Altera or its authorized distributors.  Please refer to the 
applicable agreement for further details.



+-----------------------------------------------------------------------------------+
; Fitter Summary                                                                    ;
+------------------------------------+----------------------------------------------+
; Fitter Status                      ; Successful - Thu Jul 16 15:17:17 2020        ;
; Quartus II Version                 ; 9.0 Build 235 06/17/2009 SP 2 SJ Web Edition ;
; Revision Name                      ; Block1                                       ;
; Top-level Entity Name              ; Block1                                       ;
; Family                             ; Cyclone II                                   ;
; Device                             ; EP2C8T144C8                                  ;
; Timing Models                      ; Final                                        ;
; Total logic elements               ; 266 / 8,256 ( 3 % )                          ;
;     Total combinational functions  ; 265 / 8,256 ( 3 % )                          ;
;     Dedicated logic registers      ; 107 / 8,256 ( 1 % )                          ;
; Total registers                    ; 107                                          ;
; Total pins                         ; 15 / 85 ( 18 % )                             ;
; Total virtual pins                 ; 0                                            ;
; Total memory bits                  ; 0 / 165,888 ( 0 % )                          ;
; Embedded Multiplier 9-bit elements ; 0 / 36 ( 0 % )                               ;
; Total PLLs                         ; 0 / 2 ( 0 % )                                ;
+------------------------------------+----------------------------------------------+


+--------------------------------------------------------------------------------------------------------------------------------------+
; Fitter Settings                                                                                                                      ;
+--------------------------------------------------------------------+--------------------------------+--------------------------------+
; Option                                                             ; Setting                        ; Default Value                  ;
+--------------------------------------------------------------------+--------------------------------+--------------------------------+
; Device                                                             ; EP2C8T144C8                    ;                                ;
; Fit Attempts to Skip                                               ; 0                              ; 0.0                            ;
; Use smart compilation                                              ; Off                            ; Off                            ;
; Use TimeQuest Timing Analyzer                                      ; Off                            ; Off                            ;
; Router Timing Optimization Level                                   ; Normal                         ; Normal                         ;
; Placement Effort Multiplier                                        ; 1.0                            ; 1.0                            ;
; Router Effort Multiplier                                           ; 1.0                            ; 1.0                            ;
; Always Enable Input Buffers                                        ; Off                            ; Off                            ;
; Optimize Hold Timing                                               ; IO Paths and Minimum TPD Paths ; IO Paths and Minimum TPD Paths ;
; Optimize Multi-Corner Timing                                       ; Off                            ; Off                            ;
; PowerPlay Power Optimization                                       ; Normal compilation             ; Normal compilation             ;
; Optimize Timing                                                    ; Normal compilation             ; Normal compilation             ;
; Optimize Timing for ECOs                                           ; Off                            ; Off                            ;
; Regenerate full fit report during ECO compiles                     ; Off                            ; Off                            ;
; Optimize IOC Register Placement for Timing                         ; On                             ; On                             ;
; Limit to One Fitting Attempt                                       ; Off                            ; Off                            ;
; Final Placement Optimizations                                      ; Automatically                  ; Automatically                  ;
; Fitter Aggressive Routability Optimizations                        ; Automatically                  ; Automatically                  ;
; Fitter Initial Placement Seed                                      ; 1                              ; 1                              ;
; PCI I/O                                                            ; Off                            ; Off                            ;
; Weak Pull-Up Resistor                                              ; Off                            ; Off                            ;
; Enable Bus-Hold Circuitry                                          ; Off                            ; Off                            ;
; Auto Global Memory Control Signals                                 ; Off                            ; Off                            ;
; Auto Packed Registers                                              ; Auto                           ; Auto                           ;
; Auto Delay Chains                                                  ; On                             ; On                             ;
; Auto Merge PLLs                                                    ; On                             ; On                             ;
; Ignore PLL Mode When Merging PLLs                                  ; Off                            ; Off                            ;
; Perform Physical Synthesis for Combinational Logic for Fitting     ; Off                            ; Off                            ;
; Perform Physical Synthesis for Combinational Logic for Performance ; Off                            ; Off                            ;
; Perform Register Duplication for Performance                       ; Off                            ; Off                            ;
; Perform Logic to Memory Mapping for Fitting                        ; Off                            ; Off                            ;
; Perform Register Retiming for Performance                          ; Off                            ; Off                            ;
; Perform Asynchronous Signal Pipelining                             ; Off                            ; Off                            ;
; Fitter Effort                                                      ; Auto Fit                       ; Auto Fit                       ;
; Physical Synthesis Effort Level                                    ; Normal                         ; Normal                         ;
; Auto Global Clock                                                  ; On                             ; On                             ;
; Auto Global Register Control Signals                               ; On                             ; On                             ;
; Stop After Congestion Map Generation                               ; Off                            ; Off                            ;
; Save Intermediate Fitting Results                                  ; Off                            ; Off                            ;
; Force Fitter to Avoid Periphery Placement Warnings                 ; Off                            ; Off                            ;
+--------------------------------------------------------------------+--------------------------------+--------------------------------+


Parallel compilation was disabled, but you have multiple processors available. Enable parallel compilation to reduce compilation time.
+-------------------------------------+
; Parallel Compilation                ;
+----------------------------+--------+
; Processors                 ; Number ;
+----------------------------+--------+
; Number detected on machine ; 4      ;
; Maximum allowed            ; 1      ;
+----------------------------+--------+


+--------------+
; Pin-Out File ;
+--------------+
The pin-out file can be found in C:/Users/席卓然/Desktop/出租车计价器/Block1.pin.


+-------------------------------------------------------------------+
; Fitter Resource Usage Summary                                     ;
+---------------------------------------------+---------------------+
; Resource                                    ; Usage               ;
+---------------------------------------------+---------------------+
; Total logic elements                        ; 266 / 8,256 ( 3 % ) ;
;     -- Combinational with no register       ; 159                 ;
;     -- Register only                        ; 1                   ;
;     -- Combinational with a register        ; 106                 ;
;                                             ;                     ;
; Logic element usage by number of LUT inputs ;                     ;
;     -- 4 input functions                    ; 117                 ;
;     -- 3 input functions                    ; 37                  ;
;     -- <=2 input functions                  ; 111                 ;
;     -- Register only                        ; 1                   ;
;                                             ;                     ;
; Logic elements by mode                      ;                     ;
;     -- normal mode                          ; 190                 ;
;     -- arithmetic mode                      ; 75                  ;
;                                             ;                     ;
; Total registers*                            ; 107 / 8,487 ( 1 % ) ;
;     -- Dedicated logic registers            ; 107 / 8,256 ( 1 % ) ;
;     -- I/O registers                        ; 0 / 231 ( 0 % )     ;
;                                             ;                     ;
; Total LABs:  partially or completely used   ; 19 / 516 ( 4 % )    ;
; User inserted logic elements                ; 0                   ;
; Virtual pins                                ; 0                   ;
; I/O pins                                    ; 15 / 85 ( 18 % )    ;
;     -- Clock pins                           ; 1 / 4 ( 25 % )      ;
; Global signals                              ; 4                   ;
; M4Ks                                        ; 0 / 36 ( 0 % )      ;
; Total block memory bits                     ; 0 / 165,888 ( 0 % ) ;
; Total block memory implementation bits      ; 0 / 165,888 ( 0 % ) ;
; Embedded Multiplier 9-bit elements          ; 0 / 36 ( 0 % )      ;
; PLLs                                        ; 0 / 2 ( 0 % )       ;
; Global clocks                               ; 4 / 8 ( 50 % )      ;
; JTAGs                                       ; 0 / 1 ( 0 % )       ;
; ASMI blocks                                 ; 0 / 1 ( 0 % )       ;
; CRC blocks                                  ; 0 / 1 ( 0 % )       ;
; Average interconnect usage (total/H/V)      ; 0% / 0% / 0%        ;
; Peak interconnect usage (total/H/V)         ; 1% / 1% / 1%        ;
; Maximum fan-out node                        ; START               ;
; Maximum fan-out                             ; 88                  ;
; Highest non-global fan-out signal           ; START               ;
; Highest non-global fan-out                  ; 88                  ;
; Total fan-out                               ; 1190                ;
; Average fan-out                             ; 3.01                ;
+---------------------------------------------+---------------------+
*  Register count does not include registers inside RAM blocks or DSP blocks.



+--------------------------------------------------------------------------------------------------------------------------------------------------------------------------------------------------------------------------------------------------------------+
; Input Pins                                                                                                                                                                                                                                                   ;
+--------+-------+----------+--------------+--------------+-------------+-----------------------+--------------------+--------+----------------+---------------+-----------------+----------+--------------+--------------+-------------+----------------------+
; Name   ; Pin # ; I/O Bank ; X coordinate ; Y coordinate ; Cell number ; Combinational Fan-Out ; Registered Fan-Out ; Global ; Input Register ; Power Up High ; PCI I/O Enabled ; Bus Hold ; Weak Pull Up ; I/O Standard ; Termination ; Location assigned by ;
+--------+-------+----------+--------------+--------------+-------------+-----------------------+--------------------+--------+----------------+---------------+-----------------+----------+--------------+--------------+-------------+----------------------+
; SCLK   ; 104   ; 3        ; 34           ; 17           ; 0           ; 8                     ; 0                  ; no     ; no             ; no            ; no              ; no       ; Off          ; 3.3-V LVTTL  ; Off         ; User                 ;
; SDBZ   ; 114   ; 2        ; 32           ; 19           ; 2           ; 3                     ; 0                  ; no     ; no             ; no            ; no              ; no       ; Off          ; 3.3-V LVTTL  ; Off         ; User                 ;
; SEL[0] ; 93    ; 3        ; 34           ; 11           ; 2           ; 23                    ; 0                  ; no     ; no             ; no            ; no              ; no       ; Off          ; 3.3-V LVTTL  ; Off         ; User                 ;
; SEL[1] ; 94    ; 3        ; 34           ; 11           ; 1           ; 24                    ; 0                  ; no     ; no             ; no            ; no              ; no       ; Off          ; 3.3-V LVTTL  ; Off         ; User                 ;
; SEL[2] ; 96    ; 3        ; 34           ; 11           ; 0           ; 9                     ; 0                  ; no     ; no             ; no            ; no              ; no       ; Off          ; 3.3-V LVTTL  ; Off         ; User                 ;
; START  ; 97    ; 3        ; 34           ; 12           ; 3           ; 88                    ; 0                  ; no     ; no             ; no            ; no              ; no       ; Off          ; 3.3-V LVTTL  ; Off         ; User                 ;
; WCLK   ; 18    ; 1        ; 0            ; 9            ; 1           ; 2                     ; 0                  ; yes    ; no             ; no            ; no              ; no       ; Off          ; 3.3-V LVTTL  ; Off         ; User                 ;
+--------+-------+----------+--------------+--------------+-------------+-----------------------+--------------------+--------+----------------+---------------+-----------------+----------+--------------+--------------+-------------+----------------------+


+------------------------------------------------------------------------------------------------------------------------------------------------------------------------------------------------------------------------------------------------------------------------------------------+
; Output Pins                                                                                                                                                                                                                                                                              ;
+---------+-------+----------+--------------+--------------+-------------+-----------------+------------------------+---------------+-----------------+------------+---------------+----------+--------------+--------------+------------------+-------------+----------------------+------+
; Name    ; Pin # ; I/O Bank ; X coordinate ; Y coordinate ; Cell number ; Output Register ; Output Enable Register ; Power Up High ; PCI I/O Enabled ; Open Drain ; TRI Primitive ; Bus Hold ; Weak Pull Up ; I/O Standard ; Current Strength ; Termination ; Location assigned by ; Load ;
+---------+-------+----------+--------------+--------------+-------------+-----------------+------------------------+---------------+-----------------+------------+---------------+----------+--------------+--------------+------------------+-------------+----------------------+------+
; DATA[0] ; 121   ; 2        ; 28           ; 19           ; 3           ; no              ; no                     ; no            ; no              ; no         ; no            ; no       ; Off          ; 3.3-V LVTTL  ; 24mA             ; Off         ; User                 ; 0 pF ;
; DATA[1] ; 122   ; 2        ; 25           ; 19           ; 0           ; no              ; no                     ; no            ; no              ; no         ; no            ; no       ; Off          ; 3.3-V LVTTL  ; 24mA             ; Off         ; User                 ; 0 pF ;
; DATA[2] ; 52    ; 4        ; 12           ; 0            ; 1           ; no              ; no                     ; no            ; no              ; no         ; no            ; no       ; Off          ; 3.3-V LVTTL  ; 24mA             ; Off         ; User                 ; 0 pF ;
; DATA[3] ; 53    ; 4        ; 14           ; 0            ; 0           ; no              ; no                     ; no            ; no              ; no         ; no            ; no       ; Off          ; 3.3-V LVTTL  ; 24mA             ; Off         ; User                 ; 0 pF ;
; DATA[4] ; 48    ; 4        ; 5            ; 0            ; 2           ; no              ; no                     ; no            ; no              ; no         ; no            ; no       ; Off          ; 3.3-V LVTTL  ; 24mA             ; Off         ; User                 ; 0 pF ;
; DATA[5] ; 51    ; 4        ; 9            ; 0            ; 0           ; no              ; no                     ; no            ; no              ; no         ; no            ; no       ; Off          ; 3.3-V LVTTL  ; 24mA             ; Off         ; User                 ; 0 pF ;
; DATA[6] ; 45    ; 4        ; 3            ; 0            ; 1           ; no              ; no                     ; no            ; no              ; no         ; no            ; no       ; Off          ; 3.3-V LVTTL  ; 24mA             ; Off         ; User                 ; 0 pF ;
; DATA[7] ; 47    ; 4        ; 3            ; 0            ; 0           ; no              ; no                     ; no            ; no              ; no         ; no            ; no       ; Off          ; 3.3-V LVTTL  ; 24mA             ; Off         ; User                 ; 0 pF ;
+---------+-------+----------+--------------+--------------+-------------+-----------------+------------------------+---------------+-----------------+------------+---------------+----------+--------------+--------------+------------------+-------------+----------------------+------+


+-----------------------------------------------------------+
; I/O Bank Usage                                            ;
+----------+-----------------+---------------+--------------+
; I/O Bank ; Usage           ; VCCIO Voltage ; VREF Voltage ;
+----------+-----------------+---------------+--------------+
; 1        ; 3 / 17 ( 18 % ) ; 3.3V          ; --           ;
; 2        ; 3 / 23 ( 13 % ) ; 3.3V          ; --           ;
; 3        ; 6 / 21 ( 29 % ) ; 3.3V          ; --           ;
; 4        ; 6 / 24 ( 25 % ) ; 3.3V          ; --           ;
+----------+-----------------+---------------+--------------+


+------------------------------------------------------------------------------------------------------------------------------------------------------------------------+
; All Package Pins                                                                                                                                                       ;
+----------+------------+----------+------------------------------------------+--------+--------------+---------+------------+-----------------+----------+--------------+
; Location ; Pad Number ; I/O Bank ; Pin Name/Usage                           ; Dir.   ; I/O Standard ; Voltage ; I/O Type   ; User Assignment ; Bus Hold ; Weak Pull Up ;
+----------+------------+----------+------------------------------------------+--------+--------------+---------+------------+-----------------+----------+--------------+
; 1        ; 0          ; 1        ; ~ASDO~ / RESERVED_INPUT_WITH_WEAK_PULLUP ; input  ; 3.3-V LVTTL  ;         ; Row I/O    ; N               ; no       ; On           ;
; 2        ; 1          ; 1        ; ~nCSO~ / RESERVED_INPUT_WITH_WEAK_PULLUP ; input  ; 3.3-V LVTTL  ;         ; Row I/O    ; N               ; no       ; On           ;
; 3        ; 2          ; 1        ; GND*                                     ;        ;              ;         ; Row I/O    ;                 ; no       ; Off          ;
; 4        ; 3          ; 1        ; GND*                                     ;        ;              ;         ; Row I/O    ;                 ; no       ; Off          ;
; 5        ;            ; 1        ; VCCIO1                                   ; power  ;              ; 3.3V    ; --         ;                 ; --       ; --           ;
; 6        ;            ;          ; GND                                      ; gnd    ;              ;         ; --         ;                 ; --       ; --           ;
; 7        ; 10         ; 1        ; GND*                                     ;        ;              ;         ; Row I/O    ;                 ; no       ; Off          ;
; 8        ; 18         ; 1        ; GND*                                     ;        ;              ;         ; Row I/O    ;                 ; no       ; Off          ;
; 9        ; 19         ; 1        ; GND*                                     ;        ;              ;         ; Row I/O    ;                 ; no       ; Off          ;
; 10       ; 20         ; 1        ; #TDO                                     ; output ;              ;         ; --         ;                 ; --       ; --           ;
; 11       ; 21         ; 1        ; #TMS                                     ; input  ;              ;         ; --         ;                 ; --       ; --           ;
; 12       ; 22         ; 1        ; #TCK                                     ; input  ;              ;         ; --         ;                 ; --       ; --           ;
; 13       ; 23         ; 1        ; #TDI                                     ; input  ;              ;         ; --         ;                 ; --       ; --           ;
; 14       ; 24         ; 1        ; ^DATA0                                   ; input  ;              ;         ; --         ;                 ; --       ; --           ;
; 15       ; 25         ; 1        ; ^DCLK                                    ;        ;              ;         ; --         ;                 ; --       ; --           ;
; 16       ; 26         ; 1        ; ^nCE                                     ;        ;              ;         ; --         ;                 ; --       ; --           ;
; 17       ; 27         ; 1        ; GND+                                     ;        ;              ;         ; Row I/O    ;                 ; --       ; --           ;
; 18       ; 28         ; 1        ; WCLK                                     ; input  ; 3.3-V LVTTL  ;         ; Row I/O    ; Y               ; no       ; Off          ;
; 19       ;            ;          ; GND                                      ; gnd    ;              ;         ; --         ;                 ; --       ; --           ;
; 20       ; 29         ; 1        ; ^nCONFIG                                 ;        ;              ;         ; --         ;                 ; --       ; --           ;
; 21       ; 30         ; 1        ; GND+                                     ;        ;              ;         ; Row I/O    ;                 ; --       ; --           ;
; 22       ; 31         ; 1        ; GND+                                     ;        ;              ;         ; Row I/O    ;                 ; --       ; --           ;
; 23       ;            ; 1        ; VCCIO1                                   ; power  ;              ; 3.3V    ; --         ;                 ; --       ; --           ;
; 24       ; 32         ; 1        ; GND*                                     ;        ;              ;         ; Row I/O    ;                 ; no       ; Off          ;
; 25       ; 33         ; 1        ; GND*                                     ;        ;              ;         ; Row I/O    ;                 ; no       ; Off          ;
; 26       ;            ;          ; VCCINT                                   ; power  ;              ; 1.2V    ; --         ;                 ; --       ; --           ;
; 27       ;            ;          ; GND                                      ; gnd    ;              ;         ; --         ;                 ; --       ; --           ;
; 28       ; 39         ; 1        ; GND*                                     ;        ;              ;         ; Row I/O    ;                 ; no       ; Off          ;
; 29       ;            ; 1        ; VCCIO1                                   ; power  ;              ; 3.3V    ; --         ;                 ; --       ; --           ;
; 30       ; 51         ; 1        ; GND*                                     ;        ;              ;         ; Row I/O    ;                 ; no       ; Off          ;
; 31       ; 52         ; 1        ; GND*                                     ;        ;              ;         ; Row I/O    ;                 ; no       ; Off          ;
; 32       ; 53         ; 1        ; GND*                                     ;        ;              ;         ; Row I/O    ;                 ; no       ; Off          ;
; 33       ;            ;          ; GND                                      ; gnd    ;              ;         ; --         ;                 ; --       ; --           ;
; 34       ;            ;          ; GND_PLL1                                 ; gnd    ;              ;         ; --         ;                 ; --       ; --           ;
; 35       ;            ;          ; VCCD_PLL1                                ; power  ;              ; 1.2V    ; --         ;                 ; --       ; --           ;
; 36       ;            ;          ; GND_PLL1                                 ; gnd    ;              ;         ; --         ;                 ; --       ; --           ;
; 37       ;            ;          ; VCCA_PLL1                                ; power  ;              ; 1.2V    ; --         ;                 ; --       ; --           ;
; 38       ;            ;          ; GNDA_PLL1                                ; gnd    ;              ;         ; --         ;                 ; --       ; --           ;
; 39       ;            ;          ; GND                                      ; gnd    ;              ;         ; --         ;                 ; --       ; --           ;
; 40       ; 54         ; 4        ; GND*                                     ;        ;              ;         ; Column I/O ;                 ; no       ; Off          ;
; 41       ; 55         ; 4        ; GND*                                     ;        ;              ;         ; Column I/O ;                 ; no       ; Off          ;
; 42       ; 56         ; 4        ; GND*                                     ;        ;              ;         ; Column I/O ;                 ; no       ; Off          ;
; 43       ; 57         ; 4        ; GND*                                     ;        ;              ;         ; Column I/O ;                 ; no       ; Off          ;
; 44       ; 58         ; 4        ; GND*                                     ;        ;              ;         ; Column I/O ;                 ; no       ; Off          ;
; 45       ; 59         ; 4        ; DATA[6]                                  ; output ; 3.3-V LVTTL  ;         ; Column I/O ; Y               ; no       ; Off          ;
; 46       ;            ; 4        ; VCCIO4                                   ; power  ;              ; 3.3V    ; --         ;                 ; --       ; --           ;
; 47       ; 60         ; 4        ; DATA[7]                                  ; output ; 3.3-V LVTTL  ;         ; Column I/O ; Y               ; no       ; Off          ;
; 48       ; 61         ; 4        ; DATA[4]                                  ; output ; 3.3-V LVTTL  ;         ; Column I/O ; Y               ; no       ; Off          ;
; 49       ;            ;          ; GND                                      ; gnd    ;              ;         ; --         ;                 ; --       ; --           ;
; 50       ;            ;          ; VCCINT                                   ; power  ;              ; 1.2V    ; --         ;                 ; --       ; --           ;
; 51       ; 69         ; 4        ; DATA[5]                                  ; output ; 3.3-V LVTTL  ;         ; Column I/O ; Y               ; no       ; Off          ;
; 52       ; 70         ; 4        ; DATA[2]                                  ; output ; 3.3-V LVTTL  ;         ; Column I/O ; Y               ; no       ; Off          ;
; 53       ; 74         ; 4        ; DATA[3]                                  ; output ; 3.3-V LVTTL  ;         ; Column I/O ; Y               ; no       ; Off          ;
; 54       ;            ; 4        ; VCCIO4                                   ; power  ;              ; 3.3V    ; --         ;                 ; --       ; --           ;
; 55       ; 75         ; 4        ; GND*                                     ;        ;              ;         ; Column I/O ;                 ; no       ; Off          ;
; 56       ;            ;          ; GND                                      ; gnd    ;              ;         ; --         ;                 ; --       ; --           ;
; 57       ; 76         ; 4        ; GND*                                     ;        ;              ;         ; Column I/O ;                 ; no       ; Off          ;
; 58       ; 77         ; 4        ; GND*                                     ;        ;              ;         ; Column I/O ;                 ; no       ; Off          ;
; 59       ; 78         ; 4        ; GND*                                     ;        ;              ;         ; Column I/O ;                 ; no       ; Off          ;
; 60       ; 79         ; 4        ; GND*                                     ;        ;              ;         ; Column I/O ;                 ; no       ; Off          ;
; 61       ;            ;          ; GND                                      ; gnd    ;              ;         ; --         ;                 ; --       ; --           ;
; 62       ;            ;          ; VCCINT                                   ; power  ;              ; 1.2V    ; --         ;                 ; --       ; --           ;
; 63       ; 89         ; 4        ; GND*                                     ;        ;              ;         ; Column I/O ;                 ; no       ; Off          ;
; 64       ; 92         ; 4        ; GND*                                     ;        ;              ;         ; Column I/O ;                 ; no       ; Off          ;
; 65       ; 93         ; 4        ; GND*                                     ;        ;              ;         ; Column I/O ;                 ; no       ; Off          ;
; 66       ;            ; 4        ; VCCIO4                                   ; power  ;              ; 3.3V    ; --         ;                 ; --       ; --           ;
; 67       ; 96         ; 4        ; GND*                                     ;        ;              ;         ; Column I/O ;                 ; no       ; Off          ;
; 68       ;            ;          ; GND                                      ; gnd    ;              ;         ; --         ;                 ; --       ; --           ;
; 69       ; 97         ; 4        ; GND*                                     ;        ;              ;         ; Column I/O ;                 ; no       ; Off          ;
; 70       ; 98         ; 4        ; GND*                                     ;        ;              ;         ; Column I/O ;                 ; no       ; Off          ;
; 71       ; 99         ; 4        ; GND*                                     ;        ;              ;         ; Column I/O ;                 ; no       ; Off          ;
; 72       ; 100        ; 4        ; GND*                                     ;        ;              ;         ; Column I/O ;                 ; no       ; Off          ;
; 73       ; 101        ; 3        ; GND*                                     ;        ;              ;         ; Row I/O    ;                 ; no       ; Off          ;
; 74       ; 102        ; 3        ; GND*                                     ;        ;              ;         ; Row I/O    ;                 ; no       ; Off          ;
; 75       ; 105        ; 3        ; GND*                                     ;        ;              ;         ; Row I/O    ;                 ; no       ; Off          ;
; 76       ; 106        ; 3        ; ~LVDS54p/nCEO~                           ; output ; 3.3-V LVTTL  ;         ; Row I/O    ; N               ; no       ; Off          ;
; 77       ;            ; 3        ; VCCIO3                                   ; power  ;              ; 3.3V    ; --         ;                 ; --       ; --           ;
; 78       ;            ;          ; GND                                      ; gnd    ;              ;         ; --         ;                 ; --       ; --           ;
; 79       ; 114        ; 3        ; GND*                                     ;        ;              ;         ; Row I/O    ;                 ; no       ; Off          ;
; 80       ;            ;          ; GND                                      ; gnd    ;              ;         ; --         ;                 ; --       ; --           ;
; 81       ;            ;          ; VCCINT                                   ; power  ;              ; 1.2V    ; --         ;                 ; --       ; --           ;
; 82       ; 121        ; 3        ; ^nSTATUS                                 ;        ;              ;         ; --         ;                 ; --       ; --           ;
; 83       ; 122        ; 3        ; ^CONF_DONE                               ;        ;              ;         ; --         ;                 ; --       ; --           ;
; 84       ; 123        ; 3        ; ^MSEL1                                   ;        ;              ;         ; --         ;                 ; --       ; --           ;
; 85       ; 124        ; 3        ; ^MSEL0                                   ;        ;              ;         ; --         ;                 ; --       ; --           ;
; 86       ; 125        ; 3        ; GND*                                     ;        ;              ;         ; Row I/O    ;                 ; no       ; Off          ;
; 87       ; 126        ; 3        ; GND*                                     ;        ;              ;         ; Row I/O    ;                 ; no       ; Off          ;
; 88       ; 127        ; 3        ; GND+                                     ;        ;              ;         ; Row I/O    ;                 ; --       ; --           ;
; 89       ; 128        ; 3        ; GND+                                     ;        ;              ;         ; Row I/O    ;                 ; --       ; --           ;
; 90       ; 129        ; 3        ; GND+                                     ;        ;              ;         ; Row I/O    ;                 ; --       ; --           ;
; 91       ; 130        ; 3        ; GND+                                     ;        ;              ;         ; Row I/O    ;                 ; --       ; --           ;
; 92       ; 131        ; 3        ; GND*                                     ;        ;              ;         ; Row I/O    ;                 ; no       ; Off          ;
; 93       ; 132        ; 3        ; SEL[0]                                   ; input  ; 3.3-V LVTTL  ;         ; Row I/O    ; Y               ; no       ; Off          ;
; 94       ; 133        ; 3        ; SEL[1]                                   ; input  ; 3.3-V LVTTL  ;         ; Row I/O    ; Y               ; no       ; Off          ;
; 95       ;            ; 3        ; VCCIO3                                   ; power  ;              ; 3.3V    ; --         ;                 ; --       ; --           ;
; 96       ; 134        ; 3        ; SEL[2]                                   ; input  ; 3.3-V LVTTL  ;         ; Row I/O    ; Y               ; no       ; Off          ;
; 97       ; 135        ; 3        ; START                                    ; input  ; 3.3-V LVTTL  ;         ; Row I/O    ; Y               ; no       ; Off          ;
; 98       ;            ;          ; GND                                      ; gnd    ;              ;         ; --         ;                 ; --       ; --           ;
; 99       ; 143        ; 3        ; GND*                                     ;        ;              ;         ; Row I/O    ;                 ; no       ; Off          ;
; 100      ; 149        ; 3        ; GND*                                     ;        ;              ;         ; Row I/O    ;                 ; no       ; Off          ;
; 101      ; 150        ; 3        ; GND*                                     ;        ;              ;         ; Row I/O    ;                 ; no       ; Off          ;
; 102      ;            ; 3        ; VCCIO3                                   ; power  ;              ; 3.3V    ; --         ;                 ; --       ; --           ;
; 103      ; 153        ; 3        ; GND*                                     ;        ;              ;         ; Row I/O    ;                 ; no       ; Off          ;
; 104      ; 154        ; 3        ; SCLK                                     ; input  ; 3.3-V LVTTL  ;         ; Row I/O    ; Y               ; no       ; Off          ;
; 105      ;            ;          ; GND                                      ; gnd    ;              ;         ; --         ;                 ; --       ; --           ;
; 106      ;            ;          ; GND_PLL2                                 ; gnd    ;              ;         ; --         ;                 ; --       ; --           ;
; 107      ;            ;          ; VCCD_PLL2                                ; power  ;              ; 1.2V    ; --         ;                 ; --       ; --           ;
; 108      ;            ;          ; GND_PLL2                                 ; gnd    ;              ;         ; --         ;                 ; --       ; --           ;
; 109      ;            ;          ; VCCA_PLL2                                ; power  ;              ; 1.2V    ; --         ;                 ; --       ; --           ;
; 110      ;            ;          ; GNDA_PLL2                                ; gnd    ;              ;         ; --         ;                 ; --       ; --           ;
; 111      ;            ;          ; GND                                      ; gnd    ;              ;         ; --         ;                 ; --       ; --           ;
; 112      ; 155        ; 2        ; GND*                                     ;        ;              ;         ; Column I/O ;                 ; no       ; Off          ;
; 113      ; 156        ; 2        ; GND*                                     ;        ;              ;         ; Column I/O ;                 ; no       ; Off          ;
; 114      ; 157        ; 2        ; SDBZ                                     ; input  ; 3.3-V LVTTL  ;         ; Column I/O ; Y               ; no       ; Off          ;
; 115      ; 158        ; 2        ; GND*                                     ;        ;              ;         ; Column I/O ;                 ; no       ; Off          ;
; 116      ;            ; 2        ; VCCIO2                                   ; power  ;              ; 3.3V    ; --         ;                 ; --       ; --           ;
; 117      ;            ;          ; GND                                      ; gnd    ;              ;         ; --         ;                 ; --       ; --           ;
; 118      ; 161        ; 2        ; GND*                                     ;        ;              ;         ; Column I/O ;                 ; no       ; Off          ;
; 119      ; 162        ; 2        ; GND*                                     ;        ;              ;         ; Column I/O ;                 ; no       ; Off          ;
; 120      ; 163        ; 2        ; GND*                                     ;        ;              ;         ; Column I/O ;                 ; no       ; Off          ;
; 121      ; 164        ; 2        ; DATA[0]                                  ; output ; 3.3-V LVTTL  ;         ; Column I/O ; Y               ; no       ; Off          ;
; 122      ; 165        ; 2        ; DATA[1]                                  ; output ; 3.3-V LVTTL  ;         ; Column I/O ; Y               ; no       ; Off          ;
; 123      ;            ;          ; GND                                      ; gnd    ;              ;         ; --         ;                 ; --       ; --           ;
; 124      ;            ;          ; VCCINT                                   ; power  ;              ; 1.2V    ; --         ;                 ; --       ; --           ;
; 125      ; 173        ; 2        ; GND*                                     ;        ;              ;         ; Column I/O ;                 ; no       ; Off          ;
; 126      ; 174        ; 2        ; GND*                                     ;        ;              ;         ; Column I/O ;                 ; no       ; Off          ;
; 127      ;            ; 2        ; VCCIO2                                   ; power  ;              ; 3.3V    ; --         ;                 ; --       ; --           ;
; 128      ;            ;          ; GND                                      ; gnd    ;              ;         ; --         ;                 ; --       ; --           ;
; 129      ; 180        ; 2        ; GND*                                     ;        ;              ;         ; Column I/O ;                 ; no       ; Off          ;
; 130      ;            ;          ; GND                                      ; gnd    ;              ;         ; --         ;                 ; --       ; --           ;
; 131      ;            ;          ; VCCINT                                   ; power  ;              ; 1.2V    ; --         ;                 ; --       ; --           ;
; 132      ; 185        ; 2        ; GND*                                     ;        ;              ;         ; Column I/O ;                 ; no       ; Off          ;
; 133      ; 186        ; 2        ; GND*                                     ;        ;              ;         ; Column I/O ;                 ; no       ; Off          ;
; 134      ; 187        ; 2        ; GND*                                     ;        ;              ;         ; Column I/O ;                 ; no       ; Off          ;
; 135      ; 195        ; 2        ; GND*                                     ;        ;              ;         ; Column I/O ;                 ; no       ; Off          ;
; 136      ; 196        ; 2        ; GND*                                     ;        ;              ;         ; Column I/O ;                 ; no       ; Off          ;
; 137      ; 197        ; 2        ; GND*                                     ;        ;              ;         ; Column I/O ;                 ; no       ; Off          ;
; 138      ;            ; 2        ; VCCIO2                                   ; power  ;              ; 3.3V    ; --         ;                 ; --       ; --           ;
; 139      ; 198        ; 2        ; GND*                                     ;        ;              ;         ; Column I/O ;                 ; no       ; Off          ;
; 140      ;            ;          ; GND                                      ; gnd    ;              ;         ; --         ;                 ; --       ; --           ;
; 141      ; 199        ; 2        ; GND*                                     ;        ;              ;         ; Column I/O ;                 ; no       ; Off          ;
; 142      ; 200        ; 2        ; GND*                                     ;        ;              ;         ; Column I/O ;                 ; no       ; Off          ;
; 143      ; 201        ; 2        ; GND*                                     ;        ;              ;         ; Column I/O ;                 ; no       ; Off          ;
; 144      ; 202        ; 2        ; GND*                                     ;        ;              ;         ; Column I/O ;                 ; no       ; Off          ;
+----------+------------+----------+------------------------------------------+--------+--------------+---------+------------+-----------------+----------+--------------+
Note: Pin directions (input, output or bidir) are based on device operating in user mode.


+-------------------------------------------------------------------------------+
; Output Pin Default Load For Reported TCO                                      ;
+----------------------------------+-------+------------------------------------+
; I/O Standard                     ; Load  ; Termination Resistance             ;
+----------------------------------+-------+------------------------------------+
; 3.3-V LVTTL                      ; 0 pF  ; Not Available                      ;
; 3.3-V LVCMOS                     ; 0 pF  ; Not Available                      ;
; 2.5 V                            ; 0 pF  ; Not Available                      ;
; 1.8 V                            ; 0 pF  ; Not Available                      ;
; 1.5 V                            ; 0 pF  ; Not Available                      ;
; 3.3-V PCI                        ; 10 pF ; 25 Ohm (Parallel)                  ;
; 3.3-V PCI-X                      ; 10 pF ; 25 Ohm (Parallel)                  ;
; SSTL-2 Class I                   ; 0 pF  ; 50 Ohm (Parallel), 25 Ohm (Serial) ;
; SSTL-2 Class II                  ; 0 pF  ; 25 Ohm (Parallel), 25 Ohm (Serial) ;
; SSTL-18 Class I                  ; 0 pF  ; 50 Ohm (Parallel), 25 Ohm (Serial) ;
; SSTL-18 Class II                 ; 0 pF  ; 25 Ohm (Parallel), 25 Ohm (Serial) ;
; 1.5-V HSTL Class I               ; 0 pF  ; 50 Ohm (Parallel)                  ;
; 1.5-V HSTL Class II              ; 0 pF  ; 25 Ohm (Parallel)                  ;
; 1.8-V HSTL Class I               ; 0 pF  ; 50 Ohm (Parallel)                  ;
; 1.8-V HSTL Class II              ; 0 pF  ; 25 Ohm (Parallel)                  ;
; Differential SSTL-2              ; 0 pF  ; (See SSTL-2)                       ;
; Differential 2.5-V SSTL Class II ; 0 pF  ; (See SSTL-2 Class II)              ;
; Differential 1.8-V SSTL Class I  ; 0 pF  ; (See 1.8-V SSTL Class I)           ;
; Differential 1.8-V SSTL Class II ; 0 pF  ; (See 1.8-V SSTL Class II)          ;
; Differential 1.5-V HSTL Class I  ; 0 pF  ; (See 1.5-V HSTL Class I)           ;
; Differential 1.5-V HSTL Class II ; 0 pF  ; (See 1.5-V HSTL Class II)          ;
; Differential 1.8-V HSTL Class I  ; 0 pF  ; (See 1.8-V HSTL Class I)           ;
; Differential 1.8-V HSTL Class II ; 0 pF  ; (See 1.8-V HSTL Class II)          ;
; LVDS                             ; 0 pF  ; 100 Ohm (Differential)             ;
; mini-LVDS                        ; 0 pF  ; 100 Ohm (Differential)             ;
; RSDS                             ; 0 pF  ; 100 Ohm (Differential)             ;
; Simple RSDS                      ; 0 pF  ; Not Available                      ;
; Differential LVPECL              ; 0 pF  ; 100 Ohm (Differential)             ;
+----------------------------------+-------+------------------------------------+
Note: User assignments will override these defaults. The user specified values are listed in the Output Pins and Bidir Pins tables.


+-----------------------------------------------------------------------------------------------------------------------------------------------------------------------------------------------------------------------------------------------------------------+
; Fitter Resource Utilization by Entity                                                                                                                                                                                                                           ;
+----------------------------+-------------+---------------------------+---------------+-------------+------+--------------+---------+-----------+------+--------------+--------------+-------------------+------------------+---------------------+--------------+
; Compilation Hierarchy Node ; Logic Cells ; Dedicated Logic Registers ; I/O Registers ; Memory Bits ; M4Ks ; DSP Elements ; DSP 9x9 ; DSP 18x18 ; Pins ; Virtual Pins ; LUT-Only LCs ; Register-Only LCs ; LUT/Register LCs ; Full Hierarchy Name ; Library Name ;
+----------------------------+-------------+---------------------------+---------------+-------------+------+--------------+---------+-----------+------+--------------+--------------+-------------------+------------------+---------------------+--------------+
; |Block1                    ; 266 (0)     ; 107 (0)                   ; 0 (0)         ; 0           ; 0    ; 0            ; 0       ; 0         ; 15   ; 0            ; 159 (0)      ; 1 (0)             ; 106 (0)          ; |Block1             ; work         ;
;    |DDJF:inst7|            ; 32 (32)     ; 25 (25)                   ; 0 (0)         ; 0           ; 0    ; 0            ; 0       ; 0         ; 0    ; 0            ; 7 (7)        ; 0 (0)             ; 25 (25)          ; |Block1|DDJF:inst7  ; work         ;
;    |DDJS:inst6|            ; 24 (24)     ; 16 (16)                   ; 0 (0)         ; 0           ; 0    ; 0            ; 0       ; 0         ; 0    ; 0            ; 7 (7)        ; 0 (0)             ; 17 (17)          ; |Block1|DDJS:inst6  ; work         ;
;    |DDPB:inst2|            ; 29 (29)     ; 18 (18)                   ; 0 (0)         ; 0           ; 0    ; 0            ; 0       ; 0         ; 0    ; 0            ; 11 (11)      ; 1 (1)             ; 17 (17)          ; |Block1|DDPB:inst2  ; work         ;
;    |FPQ:inst|              ; 13 (13)     ; 8 (8)                     ; 0 (0)         ; 0           ; 0    ; 0            ; 0       ; 0         ; 0    ; 0            ; 5 (5)        ; 0 (0)             ; 8 (8)            ; |Block1|FPQ:inst    ; work         ;
;    |LCJF:inst5|            ; 14 (14)     ; 14 (14)                   ; 0 (0)         ; 0           ; 0    ; 0            ; 0       ; 0         ; 0    ; 0            ; 0 (0)        ; 0 (0)             ; 14 (14)          ; |Block1|LCJF:inst5  ; work         ;
;    |LCJS:inst4|            ; 114 (114)   ; 26 (26)                   ; 0 (0)         ; 0           ; 0    ; 0            ; 0       ; 0         ; 0    ; 0            ; 88 (88)      ; 0 (0)             ; 26 (26)          ; |Block1|LCJS:inst4  ; work         ;
;    |SCXZ:inst8|            ; 41 (41)     ; 0 (0)                     ; 0 (0)         ; 0           ; 0    ; 0            ; 0       ; 0         ; 0    ; 0            ; 41 (41)      ; 0 (0)             ; 0 (0)            ; |Block1|SCXZ:inst8  ; work         ;
+----------------------------+-------------+---------------------------+---------------+-------------+------+--------------+---------+-----------+------+--------------+--------------+-------------------+------------------+---------------------+--------------+
Note: For table entries with two numbers listed, the numbers in parentheses indicate the number of resources of the given type used by the specific entity alone. The numbers listed outside of parentheses indicate the total resources of the given type used by the specific entity and all of its sub-entities in the hierarchy.


+----------------------------------------------------------------------------------+
; Delay Chain Summary                                                              ;
+---------+----------+---------------+---------------+-----------------------+-----+
; Name    ; Pin Type ; Pad to Core 0 ; Pad to Core 1 ; Pad to Input Register ; TCO ;
+---------+----------+---------------+---------------+-----------------------+-----+
; SEL[0]  ; Input    ; 6             ; 6             ; --                    ; --  ;
; SEL[1]  ; Input    ; 6             ; 6             ; --                    ; --  ;
; SEL[2]  ; Input    ; 6             ; 6             ; --                    ; --  ;
; START   ; Input    ; 6             ; 6             ; --                    ; --  ;
; WCLK    ; Input    ; 0             ; 0             ; --                    ; --  ;
; SDBZ    ; Input    ; 6             ; 6             ; --                    ; --  ;
; SCLK    ; Input    ; 0             ; 0             ; --                    ; --  ;
; DATA[7] ; Output   ; --            ; --            ; --                    ; --  ;
; DATA[6] ; Output   ; --            ; --            ; --                    ; --  ;
; DATA[5] ; Output   ; --            ; --            ; --                    ; --  ;
; DATA[4] ; Output   ; --            ; --            ; --                    ; --  ;
; DATA[3] ; Output   ; --            ; --            ; --                    ; --  ;
; DATA[2] ; Output   ; --            ; --            ; --                    ; --  ;
; DATA[1] ; Output   ; --            ; --            ; --                    ; --  ;
; DATA[0] ; Output   ; --            ; --            ; --                    ; --  ;
+---------+----------+---------------+---------------+-----------------------+-----+


+-------------------------------------------------------------+
; Pad To Core Delay Chain Fanout                              ;
+-------------------------------+-------------------+---------+
; Source Pin / Fanout           ; Pad To Core Index ; Setting ;
+-------------------------------+-------------------+---------+
; SEL[0]                        ;                   ;         ;
;      - SCXZ:inst8|DATA[7]~64  ; 0                 ; 6       ;
;      - SCXZ:inst8|DATA[7]~65  ; 0                 ; 6       ;
;      - SCXZ:inst8|DATA[7]~66  ; 0                 ; 6       ;
;      - SCXZ:inst8|DATA[6]~69  ; 0                 ; 6       ;
;      - SCXZ:inst8|DATA[6]~70  ; 0                 ; 6       ;
;      - SCXZ:inst8|DATA[6]~71  ; 0                 ; 6       ;
;      - SCXZ:inst8|DATA[5]~74  ; 0                 ; 6       ;
;      - SCXZ:inst8|DATA[5]~75  ; 0                 ; 6       ;
;      - SCXZ:inst8|DATA[5]~76  ; 0                 ; 6       ;
;      - SCXZ:inst8|DATA[4]~79  ; 0                 ; 6       ;
;      - SCXZ:inst8|DATA[4]~80  ; 0                 ; 6       ;
;      - SCXZ:inst8|DATA[4]~81  ; 0                 ; 6       ;
;      - SCXZ:inst8|DATA[3]~84  ; 0                 ; 6       ;
;      - SCXZ:inst8|DATA[3]~85  ; 0                 ; 6       ;
;      - SCXZ:inst8|DATA[3]~86  ; 0                 ; 6       ;
;      - SCXZ:inst8|DATA[2]~89  ; 0                 ; 6       ;
;      - SCXZ:inst8|DATA[2]~90  ; 0                 ; 6       ;
;      - SCXZ:inst8|DATA[2]~91  ; 0                 ; 6       ;
;      - SCXZ:inst8|DATA[1]~95  ; 0                 ; 6       ;
;      - SCXZ:inst8|DATA[1]~97  ; 0                 ; 6       ;
;      - SCXZ:inst8|DATA[1]~98  ; 0                 ; 6       ;
;      - SCXZ:inst8|DATA[0]~101 ; 0                 ; 6       ;
;      - SCXZ:inst8|DATA[0]~102 ; 0                 ; 6       ;
; SEL[1]                        ;                   ;         ;
;      - SCXZ:inst8|DATA[7]~64  ; 1                 ; 6       ;
;      - SCXZ:inst8|DATA[7]~66  ; 1                 ; 6       ;
;      - SCXZ:inst8|DATA[7]~67  ; 1                 ; 6       ;
;      - SCXZ:inst8|DATA[6]~69  ; 1                 ; 6       ;
;      - SCXZ:inst8|DATA[6]~71  ; 1                 ; 6       ;
;      - SCXZ:inst8|DATA[6]~72  ; 1                 ; 6       ;
;      - SCXZ:inst8|DATA[5]~74  ; 1                 ; 6       ;
;      - SCXZ:inst8|DATA[5]~76  ; 1                 ; 6       ;
;      - SCXZ:inst8|DATA[5]~77  ; 1                 ; 6       ;
;      - SCXZ:inst8|DATA[4]~79  ; 1                 ; 6       ;
;      - SCXZ:inst8|DATA[4]~81  ; 1                 ; 6       ;
;      - SCXZ:inst8|DATA[4]~82  ; 1                 ; 6       ;
;      - SCXZ:inst8|DATA[3]~84  ; 1                 ; 6       ;
;      - SCXZ:inst8|DATA[3]~86  ; 1                 ; 6       ;
;      - SCXZ:inst8|DATA[3]~87  ; 1                 ; 6       ;
;      - SCXZ:inst8|DATA[2]~89  ; 1                 ; 6       ;
;      - SCXZ:inst8|DATA[2]~91  ; 1                 ; 6       ;
;      - SCXZ:inst8|DATA[2]~92  ; 1                 ; 6       ;
;      - SCXZ:inst8|DATA[1]~94  ; 1                 ; 6       ;
;      - SCXZ:inst8|DATA[1]~95  ; 1                 ; 6       ;
;      - SCXZ:inst8|DATA[1]~96  ; 1                 ; 6       ;
;      - SCXZ:inst8|DATA[1]~97  ; 1                 ; 6       ;
;      - SCXZ:inst8|DATA[1]~98  ; 1                 ; 6       ;
;      - SCXZ:inst8|DATA[0]~101 ; 1                 ; 6       ;
; SEL[2]                        ;                   ;         ;
;      - SCXZ:inst8|DATA[7]~68  ; 0                 ; 6       ;
;      - SCXZ:inst8|DATA[6]~73  ; 0                 ; 6       ;
;      - SCXZ:inst8|DATA[5]~78  ; 0                 ; 6       ;
;      - SCXZ:inst8|DATA[4]~83  ; 0                 ; 6       ;
;      - SCXZ:inst8|DATA[3]~88  ; 0                 ; 6       ;
;      - SCXZ:inst8|DATA[2]~93  ; 0                 ; 6       ;
;      - SCXZ:inst8|DATA[1]~94  ; 0                 ; 6       ;
;      - SCXZ:inst8|DATA[1]~97  ; 0                 ; 6       ;
;      - SCXZ:inst8|DATA[1]~98  ; 0                 ; 6       ;
; START                         ;                   ;         ;
;      - LCJS:inst4|BMS[0]      ; 1                 ; 6       ;
;      - DDJS:inst6|MS[3]       ; 1                 ; 6       ;
;      - DDJS:inst6|MS[2]       ; 1                 ; 6       ;
;      - DDJS:inst6|MS[1]       ; 1                 ; 6       ;
;      - DDJS:inst6|MS[0]       ; 1                 ; 6       ;
;      - DDJS:inst6|MG[3]       ; 1                 ; 6       ;
;      - DDJS:inst6|MG[2]       ; 1                 ; 6       ;
;      - DDJS:inst6|MG[1]       ; 1                 ; 6       ;
;      - DDJS:inst6|MG[0]       ; 1                 ; 6       ;
;      - DDJS:inst6|FS[3]       ; 1                 ; 6       ;
;      - DDJS:inst6|FS[2]       ; 1                 ; 6       ;
;      - DDJS:inst6|FS[1]       ; 1                 ; 6       ;
;      - DDJS:inst6|FS[0]       ; 1                 ; 6       ;
;      - DDJS:inst6|FG[3]       ; 1                 ; 6       ;
;      - DDJS:inst6|FG[2]       ; 1                 ; 6       ;
;      - DDJS:inst6|FG[1]       ; 1                 ; 6       ;
;      - DDJS:inst6|FG[0]       ; 1                 ; 6       ;
;      - DDJF:inst7|DDFY1[0]    ; 1                 ; 6       ;
;      - LCJF:inst5|LCFY1[7]    ; 1                 ; 6       ;
;      - LCJF:inst5|LCFY1[15]   ; 1                 ; 6       ;
;      - DDJF:inst7|DDFY1[15]   ; 1                 ; 6       ;
;      - LCJS:inst4|BMS[7]      ; 1                 ; 6       ;
;      - DDJF:inst7|DDFY1[7]    ; 1                 ; 6       ;
;      - LCJS:inst4|BMS[15]     ; 1                 ; 6       ;
;      - LCJF:inst5|LCFY1[6]    ; 1                 ; 6       ;
;      - LCJF:inst5|LCFY1[14]   ; 1                 ; 6       ;
;      - DDJF:inst7|DDFY1[14]   ; 1                 ; 6       ;
;      - LCJS:inst4|BMS[6]      ; 1                 ; 6       ;
;      - DDJF:inst7|DDFY1[6]    ; 1                 ; 6       ;
;      - LCJS:inst4|BMS[14]     ; 1                 ; 6       ;
;      - LCJF:inst5|LCFY1[5]    ; 1                 ; 6       ;
;      - LCJF:inst5|LCFY1[13]   ; 1                 ; 6       ;
;      - DDJF:inst7|DDFY1[13]   ; 1                 ; 6       ;
;      - LCJS:inst4|BMS[5]      ; 1                 ; 6       ;
;      - DDJF:inst7|DDFY1[5]    ; 1                 ; 6       ;
;      - LCJS:inst4|BMS[13]     ; 1                 ; 6       ;
;      - LCJF:inst5|LCFY1[4]    ; 1                 ; 6       ;
;      - LCJF:inst5|LCFY1[12]   ; 1                 ; 6       ;
;      - DDJF:inst7|DDFY1[12]   ; 1                 ; 6       ;
;      - LCJS:inst4|BMS[4]      ; 1                 ; 6       ;
;      - DDJF:inst7|DDFY1[4]    ; 1                 ; 6       ;
;      - LCJS:inst4|BMS[12]     ; 1                 ; 6       ;
;      - LCJF:inst5|LCFY1[3]    ; 1                 ; 6       ;
;      - LCJF:inst5|LCFY1[11]   ; 1                 ; 6       ;
;      - DDJF:inst7|DDFY1[11]   ; 1                 ; 6       ;
;      - LCJS:inst4|BMS[3]      ; 1                 ; 6       ;
;      - DDJF:inst7|DDFY1[3]    ; 1                 ; 6       ;
;      - LCJS:inst4|BMS[11]     ; 1                 ; 6       ;
;      - LCJF:inst5|LCFY1[2]    ; 1                 ; 6       ;
;      - LCJF:inst5|LCFY1[10]   ; 1                 ; 6       ;
;      - DDJF:inst7|DDFY1[10]   ; 1                 ; 6       ;
;      - LCJS:inst4|BMS[2]      ; 1                 ; 6       ;
;      - DDJF:inst7|DDFY1[2]    ; 1                 ; 6       ;
;      - LCJS:inst4|BMS[10]     ; 1                 ; 6       ;
;      - LCJF:inst5|LCFY1[9]    ; 1                 ; 6       ;
;      - LCJS:inst4|BMS[1]      ; 1                 ; 6       ;
;      - DDJF:inst7|DDFY1[9]    ; 1                 ; 6       ;
;      - DDJF:inst7|DDFY1[1]    ; 1                 ; 6       ;
;      - LCJS:inst4|BMS[9]      ; 1                 ; 6       ;
;      - LCJF:inst5|LCFY1[8]    ; 1                 ; 6       ;
;      - DDJF:inst7|DDFY1[8]    ; 1                 ; 6       ;
;      - LCJS:inst4|BMS[8]      ; 1                 ; 6       ;
;      - LCJS:inst4|MS[6]       ; 1                 ; 6       ;
;      - LCJS:inst4|MS[5]       ; 1                 ; 6       ;
;      - LCJS:inst4|MS[7]       ; 1                 ; 6       ;
;      - LCJS:inst4|MS[4]       ; 1                 ; 6       ;
;      - LCJS:inst4|MS[1]       ; 1                 ; 6       ;
;      - LCJS:inst4|MS[0]       ; 1                 ; 6       ;
;      - LCJS:inst4|MS[3]       ; 1                 ; 6       ;
;      - LCJS:inst4|MS[2]       ; 1                 ; 6       ;
;      - LCJS:inst4|LCBZ        ; 1                 ; 6       ;
;      - DDPB:inst2|WCLKCOU[6]  ; 1                 ; 6       ;
;      - DDPB:inst2|WCLKCOU[7]  ; 1                 ; 6       ;
;      - DDPB:inst2|WCLKCOU[3]  ; 1                 ; 6       ;
;      - DDPB:inst2|WCLKCOU[0]  ; 1                 ; 6       ;
;      - DDPB:inst2|WCLKCOU[1]  ; 1                 ; 6       ;
;      - DDPB:inst2|WCLKCOU[2]  ; 1                 ; 6       ;
;      - DDPB:inst2|WCLKCOU[4]  ; 1                 ; 6       ;
;      - DDPB:inst2|WCLKCOU[5]  ; 1                 ; 6       ;
;      - DDPB:inst2|T60S        ; 1                 ; 6       ;
;      - DDPB:inst2|CNT60[7]    ; 1                 ; 6       ;
;      - DDPB:inst2|CNT60[6]    ; 1                 ; 6       ;
;      - DDPB:inst2|CNT60[5]    ; 1                 ; 6       ;
;      - DDPB:inst2|CNT60[4]    ; 1                 ; 6       ;
;      - DDPB:inst2|CNT60[3]    ; 1                 ; 6       ;
;      - DDPB:inst2|CNT60[2]    ; 1                 ; 6       ;
;      - DDPB:inst2|CNT60[1]    ; 1                 ; 6       ;
;      - DDPB:inst2|CNT60[0]    ; 1                 ; 6       ;
; WCLK                          ;                   ;         ;
; SDBZ                          ;                   ;         ;
;      - LCJF:inst5|LCFY1[3]~74 ; 0                 ; 6       ;
;      - LCJF:inst5|LCFY1[4]~76 ; 0                 ; 6       ;
;      - LCJF:inst5|LCFY1[5]~78 ; 0                 ; 6       ;
; SCLK                          ;                   ;         ;
;      - FPQ:inst|CNT100[6]     ; 0                 ; 0       ;
;      - FPQ:inst|CNT100[5]     ; 0                 ; 0       ;
;      - FPQ:inst|CNT100[4]     ; 0                 ; 0       ;
;      - FPQ:inst|CNT100[3]     ; 0                 ; 0       ;
;      - FPQ:inst|CNT100[2]     ; 0                 ; 0       ;
;      - FPQ:inst|CNT100[1]     ; 0                 ; 0       ;
;      - FPQ:inst|CNT100[0]     ; 0                 ; 0       ;
;      - FPQ:inst|CLK1          ; 0                 ; 0       ;
+-------------------------------+-------------------+---------+


+---------------------------------------------------------------------------------------------------------------------------------------------------------+
; Control Signals                                                                                                                                         ;
+-----------------------+-------------------+---------+--------------------+--------+----------------------+------------------+---------------------------+
; Name                  ; Location          ; Fan-Out ; Usage              ; Global ; Global Resource Used ; Global Line Name ; Enable Signal Source Name ;
+-----------------------+-------------------+---------+--------------------+--------+----------------------+------------------+---------------------------+
; DDJF:inst7|T60S       ; LCFF_X33_Y10_N11  ; 16      ; Clock              ; yes    ; Global Clock         ; GCLK6            ; --                        ;
; DDJS:inst6|FG[3]~13   ; LCCOMB_X22_Y7_N30 ; 4       ; Clock enable       ; no     ; --                   ; --               ; --                        ;
; DDJS:inst6|FS[3]~16   ; LCCOMB_X22_Y7_N24 ; 4       ; Clock enable       ; no     ; --                   ; --               ; --                        ;
; DDJS:inst6|MS[3]~11   ; LCCOMB_X22_Y7_N28 ; 3       ; Clock enable       ; no     ; --                   ; --               ; --                        ;
; DDPB:inst2|DDBZ       ; LCFF_X22_Y7_N1    ; 48      ; Clock enable       ; no     ; --                   ; --               ; --                        ;
; DDPB:inst2|T60S       ; LCFF_X23_Y12_N13  ; 9       ; Clock, Sync. clear ; no     ; --                   ; --               ; --                        ;
; FPQ:inst|CLK1         ; LCFF_X33_Y13_N21  ; 4       ; Clock              ; no     ; --                   ; --               ; --                        ;
; FPQ:inst|CLK1         ; LCFF_X33_Y13_N21  ; 32      ; Clock              ; yes    ; Global Clock         ; GCLK5            ; --                        ;
; LCJS:inst4|BMS[15]~45 ; LCCOMB_X22_Y9_N28 ; 16      ; Clock enable       ; no     ; --                   ; --               ; --                        ;
; LCJS:inst4|JFBZ       ; LCFF_X24_Y9_N27   ; 14      ; Clock              ; yes    ; Global Clock         ; GCLK4            ; --                        ;
; LCJS:inst4|LCBZ       ; LCFF_X25_Y9_N9    ; 15      ; Sync. clear        ; no     ; --                   ; --               ; --                        ;
; SCLK                  ; PIN_104           ; 8       ; Clock              ; no     ; --                   ; --               ; --                        ;
; START                 ; PIN_97            ; 88      ; Async. clear       ; no     ; --                   ; --               ; --                        ;
; WCLK                  ; PIN_18            ; 2       ; Clock              ; no     ; --                   ; --               ; --                        ;
; WCLK                  ; PIN_18            ; 33      ; Clock              ; yes    ; Global Clock         ; GCLK2            ; --                        ;
+-----------------------+-------------------+---------+--------------------+--------+----------------------+------------------+---------------------------+


+--------------------------------------------------------------------------------------------------------------------+
; Global & Other Fast Signals                                                                                        ;
+-----------------+------------------+---------+----------------------+------------------+---------------------------+
; Name            ; Location         ; Fan-Out ; Global Resource Used ; Global Line Name ; Enable Signal Source Name ;
+-----------------+------------------+---------+----------------------+------------------+---------------------------+
; DDJF:inst7|T60S ; LCFF_X33_Y10_N11 ; 16      ; Global Clock         ; GCLK6            ; --                        ;
; FPQ:inst|CLK1   ; LCFF_X33_Y13_N21 ; 32      ; Global Clock         ; GCLK5            ; --                        ;
; LCJS:inst4|JFBZ ; LCFF_X24_Y9_N27  ; 14      ; Global Clock         ; GCLK4            ; --                        ;
; WCLK            ; PIN_18           ; 33      ; Global Clock         ; GCLK2            ; --                        ;
+-----------------+------------------+---------+----------------------+------------------+---------------------------+


+----------------------------------+
; Non-Global High Fan-Out Signals  ;
+------------------------+---------+
; Name                   ; Fan-Out ;
+------------------------+---------+
; START                  ; 88      ;
; DDPB:inst2|DDBZ        ; 48      ;
; LCJS:inst4|BMS[8]      ; 26      ;
; LCJS:inst4|BMS[4]      ; 25      ;
; SEL[1]                 ; 24      ;
; SEL[0]                 ; 23      ;
; LCJS:inst4|BMS[2]      ; 23      ;
; LCJS:inst4|BMS[5]      ; 23      ;
; LCJS:inst4|BMS[10]     ; 22      ;
; LCJS:inst4|BMS[6]      ; 21      ;
; LCJS:inst4|BMS[3]      ; 18      ;
; LCJS:inst4|BMS[9]      ; 17      ;
; LCJS:inst4|BMS[15]~45  ; 16      ;
; LCJS:inst4|BMS[1]      ; 16      ;
; LCJS:inst4|LCBZ        ; 15      ;
; LCJS:inst4|BMS[7]      ; 14      ;
; LCJS:inst4|BMS[11]     ; 13      ;
; SEL[2]                 ; 9       ;
; DDPB:inst2|T60S        ; 9       ;
; SCLK                   ; 8       ;
; DDPB:inst2|Equal0~2    ; 6       ;
; LCJS:inst4|WideNor0~38 ; 6       ;
; DDJF:inst7|Equal0~2    ; 6       ;
; DDJS:inst6|FG[0]       ; 6       ;
; DDJS:inst6|MG[0]       ; 6       ;
; DDJS:inst6|MS[0]       ; 6       ;
; LCJS:inst4|Equal0~1    ; 5       ;
; LCJS:inst4|Equal0~0    ; 5       ;
; LCJS:inst4|BMS[0]      ; 5       ;
; DDJS:inst6|FG[1]       ; 5       ;
; DDJS:inst6|MG[1]       ; 5       ;
; DDJS:inst6|MG[2]       ; 5       ;
; DDJS:inst6|FG[2]       ; 5       ;
; DDJS:inst6|FS[0]       ; 5       ;
; DDJS:inst6|MS[1]       ; 5       ;
; DDJS:inst6|MS[2]       ; 5       ;
; DDJS:inst6|MS[3]       ; 5       ;
; FPQ:inst|Equal0~1      ; 4       ;
; DDJS:inst6|FG[3]~13    ; 4       ;
; DDJS:inst6|FS[3]~16    ; 4       ;
; DDJS:inst6|Equal0~0    ; 4       ;
; DDJS:inst6|MG[3]       ; 4       ;
; DDJS:inst6|FG[3]       ; 4       ;
; DDJS:inst6|FS[1]       ; 4       ;
; DDJS:inst6|FS[2]       ; 4       ;
; DDJS:inst6|FS[3]       ; 4       ;
; SDBZ                   ; 3       ;
; LCJS:inst4|LessThan0~1 ; 3       ;
; LCJS:inst4|LessThan0~0 ; 3       ;
; DDJS:inst6|MS[3]~11    ; 3       ;
+------------------------+---------+


+-----------------------------------------------------+
; Interconnect Usage Summary                          ;
+----------------------------+------------------------+
; Interconnect Resource Type ; Usage                  ;
+----------------------------+------------------------+
; Block interconnects        ; 260 / 26,052 ( < 1 % ) ;
; C16 interconnects          ; 3 / 1,156 ( < 1 % )    ;
; C4 interconnects           ; 124 / 17,952 ( < 1 % ) ;
; Direct links               ; 77 / 26,052 ( < 1 % )  ;
; Global clocks              ; 4 / 8 ( 50 % )         ;
; Local interconnects        ; 215 / 8,256 ( 3 % )    ;
; R24 interconnects          ; 7 / 1,020 ( < 1 % )    ;
; R4 interconnects           ; 124 / 22,440 ( < 1 % ) ;
+----------------------------+------------------------+


+----------------------------------------------------------------------------+
; LAB Logic Elements                                                         ;
+---------------------------------------------+------------------------------+
; Number of Logic Elements  (Average = 14.00) ; Number of LABs  (Total = 19) ;
+---------------------------------------------+------------------------------+
; 1                                           ; 1                            ;
; 2                                           ; 0                            ;
; 3                                           ; 1                            ;
; 4                                           ; 0                            ;
; 5                                           ; 0                            ;
; 6                                           ; 0                            ;
; 7                                           ; 0                            ;
; 8                                           ; 0                            ;
; 9                                           ; 0                            ;
; 10                                          ; 0                            ;
; 11                                          ; 0                            ;
; 12                                          ; 0                            ;
; 13                                          ; 2                            ;
; 14                                          ; 1                            ;
; 15                                          ; 2                            ;
; 16                                          ; 12                           ;
+---------------------------------------------+------------------------------+


+-------------------------------------------------------------------+
; LAB-wide Signals                                                  ;
+------------------------------------+------------------------------+
; LAB-wide Signals  (Average = 1.68) ; Number of LABs  (Total = 19) ;
+------------------------------------+------------------------------+
; 1 Async. clear                     ; 11                           ;
; 1 Clock                            ; 11                           ;
; 1 Clock enable                     ; 5                            ;
; 1 Sync. clear                      ; 1                            ;
; 2 Clock enables                    ; 1                            ;
; 2 Clocks                           ; 3                            ;
+------------------------------------+------------------------------+


+-----------------------------------------------------------------------------+
; LAB Signals Sourced                                                         ;
+----------------------------------------------+------------------------------+
; Number of Signals Sourced  (Average = 19.63) ; Number of LABs  (Total = 19) ;
+----------------------------------------------+------------------------------+
; 0                                            ; 0                            ;
; 1                                            ; 1                            ;
; 2                                            ; 0                            ;
; 3                                            ; 0                            ;
; 4                                            ; 0                            ;
; 5                                            ; 0                            ;
; 6                                            ; 1                            ;
; 7                                            ; 0                            ;
; 8                                            ; 0                            ;
; 9                                            ; 0                            ;
; 10                                           ; 0                            ;
; 11                                           ; 0                            ;
; 12                                           ; 0                            ;
; 13                                           ; 0                            ;
; 14                                           ; 0                            ;
; 15                                           ; 0                            ;
; 16                                           ; 4                            ;
; 17                                           ; 2                            ;
; 18                                           ; 0                            ;
; 19                                           ; 1                            ;
; 20                                           ; 0                            ;
; 21                                           ; 3                            ;
; 22                                           ; 1                            ;
; 23                                           ; 0                            ;
; 24                                           ; 1                            ;
; 25                                           ; 2                            ;
; 26                                           ; 0                            ;
; 27                                           ; 0                            ;
; 28                                           ; 1                            ;
; 29                                           ; 0                            ;
; 30                                           ; 1                            ;
; 31                                           ; 0                            ;
; 32                                           ; 1                            ;
+----------------------------------------------+------------------------------+


+--------------------------------------------------------------------------------+
; LAB Signals Sourced Out                                                        ;
+-------------------------------------------------+------------------------------+
; Number of Signals Sourced Out  (Average = 6.79) ; Number of LABs  (Total = 19) ;
+-------------------------------------------------+------------------------------+
; 0                                               ; 0                            ;
; 1                                               ; 3                            ;
; 2                                               ; 0                            ;
; 3                                               ; 4                            ;
; 4                                               ; 0                            ;
; 5                                               ; 1                            ;
; 6                                               ; 1                            ;
; 7                                               ; 2                            ;
; 8                                               ; 4                            ;
; 9                                               ; 0                            ;
; 10                                              ; 0                            ;
; 11                                              ; 0                            ;
; 12                                              ; 1                            ;
; 13                                              ; 0                            ;
; 14                                              ; 1                            ;
; 15                                              ; 1                            ;
; 16                                              ; 1                            ;
+-------------------------------------------------+------------------------------+


+-----------------------------------------------------------------------------+
; LAB Distinct Inputs                                                         ;
+----------------------------------------------+------------------------------+
; Number of Distinct Inputs  (Average = 11.68) ; Number of LABs  (Total = 19) ;
+----------------------------------------------+------------------------------+
; 0                                            ; 0                            ;
; 1                                            ; 1                            ;
; 2                                            ; 1                            ;
; 3                                            ; 2                            ;
; 4                                            ; 4                            ;
; 5                                            ; 1                            ;
; 6                                            ; 0                            ;
; 7                                            ; 0                            ;
; 8                                            ; 0                            ;
; 9                                            ; 0                            ;
; 10                                           ; 0                            ;
; 11                                           ; 2                            ;
; 12                                           ; 1                            ;
; 13                                           ; 0                            ;
; 14                                           ; 0                            ;
; 15                                           ; 0                            ;
; 16                                           ; 0                            ;
; 17                                           ; 1                            ;
; 18                                           ; 0                            ;
; 19                                           ; 1                            ;
; 20                                           ; 1                            ;
; 21                                           ; 1                            ;
; 22                                           ; 1                            ;
; 23                                           ; 0                            ;
; 24                                           ; 0                            ;
; 25                                           ; 0                            ;
; 26                                           ; 0                            ;
; 27                                           ; 0                            ;
; 28                                           ; 0                            ;
; 29                                           ; 1                            ;
; 30                                           ; 1                            ;
+----------------------------------------------+------------------------------+


+-------------------------------------------------------------------------+
; Fitter Device Options                                                   ;
+----------------------------------------------+--------------------------+
; Option                                       ; Setting                  ;
+----------------------------------------------+--------------------------+
; Enable user-supplied start-up clock (CLKUSR) ; Off                      ;
; Enable device-wide reset (DEV_CLRn)          ; Off                      ;
; Enable device-wide output enable (DEV_OE)    ; Off                      ;
; Enable INIT_DONE output                      ; Off                      ;
; Configuration scheme                         ; Active Serial            ;
; Error detection CRC                          ; Off                      ;
; nCEO                                         ; As output driving ground ;
; ASDO,nCSO                                    ; As input tri-stated      ;
; Reserve all unused pins                      ; As output driving ground ;
; Base pin-out file on sameframe device        ; Off                      ;
+----------------------------------------------+--------------------------+


+------------------------------------+
; Operating Settings and Conditions  ;
+---------------------------+--------+
; Setting                   ; Value  ;
+---------------------------+--------+
; Nominal Core Voltage      ; 1.20 V ;
; Low Junction Temperature  ; 0 C   ;
; High Junction Temperature ; 85 C  ;
+---------------------------+--------+


+------------------------------------------------------------+
; Estimated Delay Added for Hold Timing                      ;
+-----------------+----------------------+-------------------+
; Source Clock(s) ; Destination Clock(s) ; Delay Added in ns ;
+-----------------+----------------------+-------------------+
; SCLK            ; SCLK                 ; 1.072             ;
+-----------------+----------------------+-------------------+
Note: For more information on problematic transfers, consider running the Fitter again with the Optimize hold timing option (Settings Menu) turned off.
This will disable optimization of problematic paths and expose them for further analysis using either the TimeQuest Timing Analyzer or the Classic Timing Analyzer.


+----------------------------+
; Advanced Data - General    ;
+--------------------+-------+
; Name               ; Value ;
+--------------------+-------+
; Status Code        ; 0     ;
; Desired User Slack ; 0     ;
; Fit Attempts       ; 1     ;
+--------------------+-------+


+-------------------------------------------------------------------------------------+
; Advanced Data - Placement Preparation                                               ;
+------------------------------------------------------------------+------------------+
; Name                                                             ; Value            ;
+------------------------------------------------------------------+------------------+
; Auto Fit Point 1 - Fit Attempt 1                                 ; ff               ;
; Mid Wire Use - Fit Attempt 1                                     ; 1                ;
; Mid Slack - Fit Attempt 1                                        ; -9001            ;
; Internal Atom Count - Fit Attempt 1                              ; 373              ;
; LE/ALM Count - Fit Attempt 1                                     ; 266              ;
; LAB Count - Fit Attempt 1                                        ; 20               ;
; Outputs per Lab - Fit Attempt 1                                  ; 6.450            ;
; Inputs per LAB - Fit Attempt 1                                   ; 10.600           ;
; Global Inputs per LAB - Fit Attempt 1                            ; 0.600            ;
; LAB Constraint 'non-global clock + sync load' - Fit Attempt 1    ; 0:15;1:5         ;
; LAB Constraint 'non-global controls' - Fit Attempt 1             ; 0:6;1:5;2:6;3:3  ;
; LAB Constraint 'non-global + aclr' - Fit Attempt 1               ; 0:6;1:5;2:6;3:3  ;
; LAB Constraint 'global non-clock non-aclr' - Fit Attempt 1       ; 0:20             ;
; LAB Constraint 'global controls' - Fit Attempt 1                 ; 0:8;1:12         ;
; LAB Constraint 'deterministic LABSMUXA/LABXMUXB' - Fit Attempt 1 ; 0:6;1:5;2:9      ;
; LAB Constraint 'deterministic LABSMUXC/LABXMUXD' - Fit Attempt 1 ; 0:8;1:10;2:2     ;
; LAB Constraint 'clock / ce pair constraint' - Fit Attempt 1      ; 0:6;1:9;2:5      ;
; LAB Constraint 'aclr constraint' - Fit Attempt 1                 ; 0:6;1:13;2:1     ;
; LAB Constraint 'true sload_sclear pair' - Fit Attempt 1          ; 0:17;1:3         ;
; LAB Constraint 'constant sload_sclear pair' - Fit Attempt 1      ; 0:18;1:2         ;
; LAB Constraint 'has placement constraint' - Fit Attempt 1        ; 0:20             ;
; LAB Constraint 'group hierarchy constraint' - Fit Attempt 1      ; 0:1;1:15;2:3;3:1 ;
; LEs in Chains - Fit Attempt 1                                    ; 83               ;
; LEs in Long Chains - Fit Attempt 1                               ; 0                ;
; LABs with Chains - Fit Attempt 1                                 ; 8                ;
; LABs with Multiple Chains - Fit Attempt 1                        ; 0                ;
; Time - Fit Attempt 1                                             ; 0                ;
+------------------------------------------------------------------+------------------+


+---------------------------------------------+
; Advanced Data - Placement                   ;
+-------------------------------------+-------+
; Name                                ; Value ;
+-------------------------------------+-------+
; Auto Fit Point 2 - Fit Attempt 1    ; ff    ;
; Early Wire Use - Fit Attempt 1      ; 0     ;
; Early Slack - Fit Attempt 1         ; -7943 ;
; Auto Fit Point 5 - Fit Attempt 1    ; ff    ;
; Mid Wire Use - Fit Attempt 1        ; 1     ;
; Mid Slack - Fit Attempt 1           ; -6589 ;
; Auto Fit Point 6 - Fit Attempt 1    ; ff    ;
; Auto Fit Point 6 - Fit Attempt 1    ; ff    ;
; Auto Fit Point 6 - Fit Attempt 1    ; ff    ;
; Auto Fit Point 5 - Fit Attempt 1    ; ff    ;
; Mid Wire Use - Fit Attempt 1        ; 1     ;
; Mid Slack - Fit Attempt 1           ; -7057 ;
; Auto Fit Point 6 - Fit Attempt 1    ; ff    ;
; Auto Fit Point 6 - Fit Attempt 1    ; ff    ;
; Auto Fit Point 6 - Fit Attempt 1    ; ff    ;
; Late Wire Use - Fit Attempt 1       ; 1     ;
; Late Slack - Fit Attempt 1          ; -7055 ;
; Peak Regional Wire - Fit Attempt 1  ; 0.000 ;
; Auto Fit Point 7 - Fit Attempt 1    ; ff    ;
; Time - Fit Attempt 1                ; 0     ;
; Time in tsm_tan.dll - Fit Attempt 1 ; 0.016 ;
+-------------------------------------+-------+


+---------------------------------------------------+
; Advanced Data - Routing                           ;
+-------------------------------------+-------------+
; Name                                ; Value       ;
+-------------------------------------+-------------+
; Early Slack - Fit Attempt 1         ; -5212       ;
; Early Wire Use - Fit Attempt 1      ; 1           ;
; Peak Regional Wire - Fit Attempt 1  ; 1           ;
; Mid Slack - Fit Attempt 1           ; -5920       ;
; Late Slack - Fit Attempt 1          ; -2147483648 ;
; Late Wire Use - Fit Attempt 1       ; 1           ;
; Time - Fit Attempt 1                ; 0           ;
; Time in tsm_tan.dll - Fit Attempt 1 ; 0.031       ;
+-------------------------------------+-------------+


+-----------------+
; Fitter Messages ;
+-----------------+
Info: *******************************************************************
Info: Running Quartus II Fitter
    Info: Version 9.0 Build 235 06/17/2009 Service Pack 2 SJ Web Edition
    Info: Processing started: Thu Jul 16 15:17:14 2020
Info: Command: quartus_fit --read_settings_files=off --write_settings_files=off Block1 -c Block1
Info: Selected device EP2C8T144C8 for design "Block1"
Info: Fitter is performing an Auto Fit compilation, which may decrease Fitter effort to reduce compilation time
Warning: Feature LogicLock is only available with a valid subscription license. Please purchase a software subscription to gain full access to this feature.
Info: Device migration not selected. If you intend to use device migration later, you may need to change the pin assignments as they may be incompatible with other devices
    Info: Device EP2C5T144C8 is compatible
    Info: Device EP2C5T144I8 is compatible
    Info: Device EP2C8T144I8 is compatible
Info: Fitter converted 3 user pins into dedicated programming pins
    Info: Pin ~ASDO~ is reserved at location 1
    Info: Pin ~nCSO~ is reserved at location 2
    Info: Pin ~LVDS54p/nCEO~ is reserved at location 76
Info: Fitter is using the Classic Timing Analyzer
Info: Timing requirements not specified -- quality metrics such as performance and power consumption may be sacrificed to reduce compilation time.
Info: Automatically promoted node WCLK (placed in PIN 18 (CLK1, LVDSCLK0n, Input))
    Info: Automatically promoted destinations to use location or clock signal Global Clock CLKCTRL_G2
    Info: Following destination nodes may be non-global or may not use global or regional clocks
        Info: Destination node LCJS:inst4|JFBZ
Info: Automatically promoted node FPQ:inst|CLK1 
    Info: Automatically promoted destinations to use location or clock signal Global Clock
    Info: Following destination nodes may be non-global or may not use global or regional clocks
        Info: Destination node DDJF:inst7|T60S
        Info: Destination node DDPB:inst2|T60S
        Info: Destination node FPQ:inst|CLK1~0
Info: Automatically promoted node DDJF:inst7|T60S 
    Info: Automatically promoted destinations to use location or clock signal Global Clock
Info: Automatically promoted node LCJS:inst4|JFBZ 
    Info: Automatically promoted destinations to use location or clock signal Global Clock
Info: Starting register packing
Extra Info: Performing register packing on registers with non-logic cell location assignments
Extra Info: Completed register packing on registers with non-logic cell location assignments
Extra Info: Started Fast Input/Output/OE register processing
Extra Info: Finished Fast Input/Output/OE register processing
Extra Info: Moving registers into I/O cells, Multiplier Blocks, and RAM blocks to improve timing and density
Extra Info: Finished moving registers into I/O cells, Multiplier Blocks, and RAM blocks
Info: Finished register packing
    Extra Info: No registers were packed into other blocks
Warning: Ignored locations or region assignments to the following nodes
    Warning: Node "LCBZ" is assigned to location or region, but does not exist in design
Info: Fitter preparation operations ending: elapsed time is 00:00:00
Info: Fitter placement preparation operations beginning
Info: Fitter placement preparation operations ending: elapsed time is 00:00:00
Info: Fitter placement operations beginning
Info: Fitter placement was successful
Info: Fitter placement operations ending: elapsed time is 00:00:00
Info: Estimated most critical path is register to register delay of 7.065 ns
    Info: 1: + IC(0.000 ns) + CELL(0.000 ns) = 0.000 ns; Loc. = LAB_X24_Y8; Fanout = 27; REG Node = 'LCJS:inst4|BMS[8]'
    Info: 2: + IC(1.391 ns) + CELL(0.206 ns) = 1.597 ns; Loc. = LAB_X25_Y9; Fanout = 1; COMB Node = 'LCJS:inst4|WideNor0~61'
    Info: 3: + IC(0.904 ns) + CELL(0.624 ns) = 3.125 ns; Loc. = LAB_X25_Y8; Fanout = 1; COMB Node = 'LCJS:inst4|WideNor0~62'
    Info: 4: + IC(0.912 ns) + CELL(0.206 ns) = 4.243 ns; Loc. = LAB_X26_Y8; Fanout = 1; COMB Node = 'LCJS:inst4|WideNor0~63'
    Info: 5: + IC(1.697 ns) + CELL(0.206 ns) = 6.146 ns; Loc. = LAB_X24_Y9; Fanout = 1; COMB Node = 'LCJS:inst4|WideNor0~64'
    Info: 6: + IC(0.187 ns) + CELL(0.624 ns) = 6.957 ns; Loc. = LAB_X24_Y9; Fanout = 1; COMB Node = 'LCJS:inst4|WideNor0~79'
    Info: 7: + IC(0.000 ns) + CELL(0.108 ns) = 7.065 ns; Loc. = LAB_X24_Y9; Fanout = 1; REG Node = 'LCJS:inst4|JFBZ'
    Info: Total cell delay = 1.974 ns ( 27.94 % )
    Info: Total interconnect delay = 5.091 ns ( 72.06 % )
Info: Fitter routing operations beginning
Info: Average interconnect usage is 0% of the available device resources
    Info: Peak interconnect usage is 1% of the available device resources in the region that extends from location X23_Y0 to location X34_Y9
Info: Fitter routing operations ending: elapsed time is 00:00:00
Info: The Fitter performed an Auto Fit compilation.  Optimizations were skipped to reduce compilation time.
    Info: Optimizations that may affect the design's routability were skipped
    Info: Optimizations that may affect the design's timing were skipped
Info: Started post-fitting delay annotation
Warning: Found 8 output pins without output pin load capacitance assignment
    Info: Pin "DATA[7]" has no specified output pin load capacitance -- assuming default load capacitance of 0 pF for timing analysis
    Info: Pin "DATA[6]" has no specified output pin load capacitance -- assuming default load capacitance of 0 pF for timing analysis
    Info: Pin "DATA[5]" has no specified output pin load capacitance -- assuming default load capacitance of 0 pF for timing analysis
    Info: Pin "DATA[4]" has no specified output pin load capacitance -- assuming default load capacitance of 0 pF for timing analysis
    Info: Pin "DATA[3]" has no specified output pin load capacitance -- assuming default load capacitance of 0 pF for timing analysis
    Info: Pin "DATA[2]" has no specified output pin load capacitance -- assuming default load capacitance of 0 pF for timing analysis
    Info: Pin "DATA[1]" has no specified output pin load capacitance -- assuming default load capacitance of 0 pF for timing analysis
    Info: Pin "DATA[0]" has no specified output pin load capacitance -- assuming default load capacitance of 0 pF for timing analysis
Info: Delay annotation completed successfully
Warning: The Reserve All Unused Pins setting has not been specified, and will default to 'As output driving ground'.
Info: Quartus II Fitter was successful. 0 errors, 5 warnings
    Info: Peak virtual memory: 296 megabytes
    Info: Processing ended: Thu Jul 16 15:17:17 2020
    Info: Elapsed time: 00:00:03
    Info: Total CPU time (on all processors): 00:00:02


