Classic Timing Analyzer report for LCJS
Wed Jul 15 21:39:58 2020
Quartus II Version 9.0 Build 235 06/17/2009 Service Pack 2 SJ Web Edition


---------------------
; Table of Contents ;
---------------------
  1. Legal Notice
  2. Timing Analyzer Summary
  3. Timing Analyzer Settings
  4. Clock Settings Summary
  5. Parallel Compilation
  6. Clock Setup: 'WCLK'
  7. tsu
  8. tco
  9. th
 10. Timing Analyzer Messages



----------------
; Legal Notice ;
----------------
Copyright (C) 1991-2009 Altera Corporation
Your use of Altera Corporation's design tools, logic functions 
and other software and tools, and its AMPP partner logic 
functions, and any output files from any of the foregoing 
(including device programming or simulation files), and any 
associated documentation or information are expressly subject 
to the terms and conditions of the Altera Program License 
Subscription Agreement, Altera MegaCore Function License 
Agreement, or other applicable license agreement, including, 
without limitation, that your use is for the sole purpose of 
programming logic devices manufactured by Altera and sold by 
Altera or its authorized distributors.  Please refer to the 
applicable agreement for further details.



+------------------------------------------------------------------------------------------------------------------------------------------------------+
; Timing Analyzer Summary                                                                                                                              ;
+------------------------------+-------+---------------+----------------------------------+---------+-----------+------------+----------+--------------+
; Type                         ; Slack ; Required Time ; Actual Time                      ; From    ; To        ; From Clock ; To Clock ; Failed Paths ;
+------------------------------+-------+---------------+----------------------------------+---------+-----------+------------+----------+--------------+
; Worst-case tsu               ; N/A   ; None          ; 7.097 ns                         ; DDBZ    ; BMS[15]   ; --         ; WCLK     ; 0            ;
; Worst-case tco               ; N/A   ; None          ; 9.934 ns                         ; BMS[14] ; XSLC[14]  ; WCLK       ; --       ; 0            ;
; Worst-case th                ; N/A   ; None          ; -5.590 ns                        ; DDBZ    ; MS[2]     ; --         ; WCLK     ; 0            ;
; Clock Setup: 'WCLK'          ; N/A   ; None          ; 150.60 MHz ( period = 6.640 ns ) ; BMS[5]  ; JFBZ~reg0 ; WCLK       ; WCLK     ; 0            ;
; Total number of failed paths ;       ;               ;                                  ;         ;           ;            ;          ; 0            ;
+------------------------------+-------+---------------+----------------------------------+---------+-----------+------------+----------+--------------+


+--------------------------------------------------------------------------------------------------------------------+
; Timing Analyzer Settings                                                                                           ;
+---------------------------------------------------------------------+--------------------+------+----+-------------+
; Option                                                              ; Setting            ; From ; To ; Entity Name ;
+---------------------------------------------------------------------+--------------------+------+----+-------------+
; Device Name                                                         ; EP2C8T144C8        ;      ;    ;             ;
; Timing Models                                                       ; Final              ;      ;    ;             ;
; Default hold multicycle                                             ; Same as Multicycle ;      ;    ;             ;
; Cut paths between unrelated clock domains                           ; On                 ;      ;    ;             ;
; Cut off read during write signal paths                              ; On                 ;      ;    ;             ;
; Cut off feedback from I/O pins                                      ; On                 ;      ;    ;             ;
; Report Combined Fast/Slow Timing                                    ; Off                ;      ;    ;             ;
; Ignore Clock Settings                                               ; Off                ;      ;    ;             ;
; Analyze latches as synchronous elements                             ; On                 ;      ;    ;             ;
; Enable Recovery/Removal analysis                                    ; Off                ;      ;    ;             ;
; Enable Clock Latency                                                ; Off                ;      ;    ;             ;
; Use TimeQuest Timing Analyzer                                       ; Off                ;      ;    ;             ;
; Number of source nodes to report per destination node               ; 10                 ;      ;    ;             ;
; Number of destination nodes to report                               ; 10                 ;      ;    ;             ;
; Number of paths to report                                           ; 200                ;      ;    ;             ;
; Report Minimum Timing Checks                                        ; Off                ;      ;    ;             ;
; Use Fast Timing Models                                              ; Off                ;      ;    ;             ;
; Report IO Paths Separately                                          ; Off                ;      ;    ;             ;
; Perform Multicorner Analysis                                        ; On                 ;      ;    ;             ;
; Reports the worst-case path for each clock domain and analysis      ; Off                ;      ;    ;             ;
; Removes common clock path pessimism (CCPP) during slack computation ; Off                ;      ;    ;             ;
; Output I/O Timing Endpoint                                          ; Near End           ;      ;    ;             ;
+---------------------------------------------------------------------+--------------------+------+----+-------------+


+------------------------------------------------------------------------------------------------------------------------------------------------------------------------------------+
; Clock Settings Summary                                                                                                                                                             ;
+-----------------+--------------------+----------+------------------+---------------+--------------+----------+-----------------------+---------------------+--------+--------------+
; Clock Node Name ; Clock Setting Name ; Type     ; Fmax Requirement ; Early Latency ; Late Latency ; Based on ; Multiply Base Fmax by ; Divide Base Fmax by ; Offset ; Phase offset ;
+-----------------+--------------------+----------+------------------+---------------+--------------+----------+-----------------------+---------------------+--------+--------------+
; WCLK            ;                    ; User Pin ; None             ; 0.000 ns      ; 0.000 ns     ; --       ; N/A                   ; N/A                 ; N/A    ;              ;
+-----------------+--------------------+----------+------------------+---------------+--------------+----------+-----------------------+---------------------+--------+--------------+


Parallel compilation was disabled, but you have multiple processors available. Enable parallel compilation to reduce compilation time.
+-------------------------------------+
; Parallel Compilation                ;
+----------------------------+--------+
; Processors                 ; Number ;
+----------------------------+--------+
; Number detected on machine ; 4      ;
; Maximum allowed            ; 1      ;
+----------------------------+--------+


+---------------------------------------------------------------------------------------------------------------------------------------------------------------------------------------------------------------------------------+
; Clock Setup: 'WCLK'                                                                                                                                                                                                             ;
+-----------------------------------------+-----------------------------------------------------+---------+-----------+------------+----------+-----------------------------+---------------------------+-------------------------+
; Slack                                   ; Actual fmax (period)                                ; From    ; To        ; From Clock ; To Clock ; Required Setup Relationship ; Required Longest P2P Time ; Actual Longest P2P Time ;
+-----------------------------------------+-----------------------------------------------------+---------+-----------+------------+----------+-----------------------------+---------------------------+-------------------------+
; N/A                                     ; 150.60 MHz ( period = 6.640 ns )                    ; BMS[5]  ; JFBZ~reg0 ; WCLK       ; WCLK     ; None                        ; None                      ; 6.395 ns                ;
; N/A                                     ; 151.24 MHz ( period = 6.612 ns )                    ; BMS[9]  ; JFBZ~reg0 ; WCLK       ; WCLK     ; None                        ; None                      ; 6.367 ns                ;
; N/A                                     ; 151.61 MHz ( period = 6.596 ns )                    ; BMS[12] ; JFBZ~reg0 ; WCLK       ; WCLK     ; None                        ; None                      ; 6.351 ns                ;
; N/A                                     ; 151.88 MHz ( period = 6.584 ns )                    ; BMS[10] ; JFBZ~reg0 ; WCLK       ; WCLK     ; None                        ; None                      ; 6.339 ns                ;
; N/A                                     ; 153.30 MHz ( period = 6.523 ns )                    ; BMS[11] ; JFBZ~reg0 ; WCLK       ; WCLK     ; None                        ; None                      ; 6.278 ns                ;
; N/A                                     ; 153.47 MHz ( period = 6.516 ns )                    ; BMS[1]  ; JFBZ~reg0 ; WCLK       ; WCLK     ; None                        ; None                      ; 6.271 ns                ;
; N/A                                     ; 154.99 MHz ( period = 6.452 ns )                    ; BMS[2]  ; JFBZ~reg0 ; WCLK       ; WCLK     ; None                        ; None                      ; 6.207 ns                ;
; N/A                                     ; 156.62 MHz ( period = 6.385 ns )                    ; BMS[14] ; JFBZ~reg0 ; WCLK       ; WCLK     ; None                        ; None                      ; 6.140 ns                ;
; N/A                                     ; 159.44 MHz ( period = 6.272 ns )                    ; BMS[3]  ; JFBZ~reg0 ; WCLK       ; WCLK     ; None                        ; None                      ; 6.027 ns                ;
; N/A                                     ; 160.28 MHz ( period = 6.239 ns )                    ; BMS[13] ; JFBZ~reg0 ; WCLK       ; WCLK     ; None                        ; None                      ; 5.994 ns                ;
; N/A                                     ; 160.77 MHz ( period = 6.220 ns )                    ; BMS[7]  ; JFBZ~reg0 ; WCLK       ; WCLK     ; None                        ; None                      ; 5.975 ns                ;
; N/A                                     ; 160.80 MHz ( period = 6.219 ns )                    ; BMS[4]  ; JFBZ~reg0 ; WCLK       ; WCLK     ; None                        ; None                      ; 5.974 ns                ;
; N/A                                     ; 161.21 MHz ( period = 6.203 ns )                    ; BMS[8]  ; JFBZ~reg0 ; WCLK       ; WCLK     ; None                        ; None                      ; 5.958 ns                ;
; N/A                                     ; 163.67 MHz ( period = 6.110 ns )                    ; BMS[6]  ; JFBZ~reg0 ; WCLK       ; WCLK     ; None                        ; None                      ; 5.865 ns                ;
; N/A                                     ; 169.38 MHz ( period = 5.904 ns )                    ; BMS[15] ; JFBZ~reg0 ; WCLK       ; WCLK     ; None                        ; None                      ; 5.659 ns                ;
; N/A                                     ; 179.24 MHz ( period = 5.579 ns )                    ; BMS[0]  ; JFBZ~reg0 ; WCLK       ; WCLK     ; None                        ; None                      ; 5.333 ns                ;
; N/A                                     ; 241.95 MHz ( period = 4.133 ns )                    ; MS[4]   ; BMS[1]    ; WCLK       ; WCLK     ; None                        ; None                      ; 3.871 ns                ;
; N/A                                     ; 241.95 MHz ( period = 4.133 ns )                    ; MS[4]   ; BMS[2]    ; WCLK       ; WCLK     ; None                        ; None                      ; 3.871 ns                ;
; N/A                                     ; 241.95 MHz ( period = 4.133 ns )                    ; MS[4]   ; BMS[3]    ; WCLK       ; WCLK     ; None                        ; None                      ; 3.871 ns                ;
; N/A                                     ; 241.95 MHz ( period = 4.133 ns )                    ; MS[4]   ; BMS[4]    ; WCLK       ; WCLK     ; None                        ; None                      ; 3.871 ns                ;
; N/A                                     ; 241.95 MHz ( period = 4.133 ns )                    ; MS[4]   ; BMS[5]    ; WCLK       ; WCLK     ; None                        ; None                      ; 3.871 ns                ;
; N/A                                     ; 241.95 MHz ( period = 4.133 ns )                    ; MS[4]   ; BMS[6]    ; WCLK       ; WCLK     ; None                        ; None                      ; 3.871 ns                ;
; N/A                                     ; 241.95 MHz ( period = 4.133 ns )                    ; MS[4]   ; BMS[7]    ; WCLK       ; WCLK     ; None                        ; None                      ; 3.871 ns                ;
; N/A                                     ; 241.95 MHz ( period = 4.133 ns )                    ; MS[4]   ; BMS[8]    ; WCLK       ; WCLK     ; None                        ; None                      ; 3.871 ns                ;
; N/A                                     ; 241.95 MHz ( period = 4.133 ns )                    ; MS[4]   ; BMS[9]    ; WCLK       ; WCLK     ; None                        ; None                      ; 3.871 ns                ;
; N/A                                     ; 241.95 MHz ( period = 4.133 ns )                    ; MS[4]   ; BMS[10]   ; WCLK       ; WCLK     ; None                        ; None                      ; 3.871 ns                ;
; N/A                                     ; 241.95 MHz ( period = 4.133 ns )                    ; MS[4]   ; BMS[11]   ; WCLK       ; WCLK     ; None                        ; None                      ; 3.871 ns                ;
; N/A                                     ; 241.95 MHz ( period = 4.133 ns )                    ; MS[4]   ; BMS[12]   ; WCLK       ; WCLK     ; None                        ; None                      ; 3.871 ns                ;
; N/A                                     ; 241.95 MHz ( period = 4.133 ns )                    ; MS[4]   ; BMS[13]   ; WCLK       ; WCLK     ; None                        ; None                      ; 3.871 ns                ;
; N/A                                     ; 241.95 MHz ( period = 4.133 ns )                    ; MS[4]   ; BMS[14]   ; WCLK       ; WCLK     ; None                        ; None                      ; 3.871 ns                ;
; N/A                                     ; 241.95 MHz ( period = 4.133 ns )                    ; MS[4]   ; BMS[15]   ; WCLK       ; WCLK     ; None                        ; None                      ; 3.871 ns                ;
; N/A                                     ; 242.72 MHz ( period = 4.120 ns )                    ; MS[0]   ; BMS[1]    ; WCLK       ; WCLK     ; None                        ; None                      ; 3.858 ns                ;
; N/A                                     ; 242.72 MHz ( period = 4.120 ns )                    ; MS[0]   ; BMS[2]    ; WCLK       ; WCLK     ; None                        ; None                      ; 3.858 ns                ;
; N/A                                     ; 242.72 MHz ( period = 4.120 ns )                    ; MS[0]   ; BMS[3]    ; WCLK       ; WCLK     ; None                        ; None                      ; 3.858 ns                ;
; N/A                                     ; 242.72 MHz ( period = 4.120 ns )                    ; MS[0]   ; BMS[4]    ; WCLK       ; WCLK     ; None                        ; None                      ; 3.858 ns                ;
; N/A                                     ; 242.72 MHz ( period = 4.120 ns )                    ; MS[0]   ; BMS[5]    ; WCLK       ; WCLK     ; None                        ; None                      ; 3.858 ns                ;
; N/A                                     ; 242.72 MHz ( period = 4.120 ns )                    ; MS[0]   ; BMS[6]    ; WCLK       ; WCLK     ; None                        ; None                      ; 3.858 ns                ;
; N/A                                     ; 242.72 MHz ( period = 4.120 ns )                    ; MS[0]   ; BMS[7]    ; WCLK       ; WCLK     ; None                        ; None                      ; 3.858 ns                ;
; N/A                                     ; 242.72 MHz ( period = 4.120 ns )                    ; MS[0]   ; BMS[8]    ; WCLK       ; WCLK     ; None                        ; None                      ; 3.858 ns                ;
; N/A                                     ; 242.72 MHz ( period = 4.120 ns )                    ; MS[0]   ; BMS[9]    ; WCLK       ; WCLK     ; None                        ; None                      ; 3.858 ns                ;
; N/A                                     ; 242.72 MHz ( period = 4.120 ns )                    ; MS[0]   ; BMS[10]   ; WCLK       ; WCLK     ; None                        ; None                      ; 3.858 ns                ;
; N/A                                     ; 242.72 MHz ( period = 4.120 ns )                    ; MS[0]   ; BMS[11]   ; WCLK       ; WCLK     ; None                        ; None                      ; 3.858 ns                ;
; N/A                                     ; 242.72 MHz ( period = 4.120 ns )                    ; MS[0]   ; BMS[12]   ; WCLK       ; WCLK     ; None                        ; None                      ; 3.858 ns                ;
; N/A                                     ; 242.72 MHz ( period = 4.120 ns )                    ; MS[0]   ; BMS[13]   ; WCLK       ; WCLK     ; None                        ; None                      ; 3.858 ns                ;
; N/A                                     ; 242.72 MHz ( period = 4.120 ns )                    ; MS[0]   ; BMS[14]   ; WCLK       ; WCLK     ; None                        ; None                      ; 3.858 ns                ;
; N/A                                     ; 242.72 MHz ( period = 4.120 ns )                    ; MS[0]   ; BMS[15]   ; WCLK       ; WCLK     ; None                        ; None                      ; 3.858 ns                ;
; N/A                                     ; 242.84 MHz ( period = 4.118 ns )                    ; MS[7]   ; BMS[1]    ; WCLK       ; WCLK     ; None                        ; None                      ; 3.856 ns                ;
; N/A                                     ; 242.84 MHz ( period = 4.118 ns )                    ; MS[7]   ; BMS[2]    ; WCLK       ; WCLK     ; None                        ; None                      ; 3.856 ns                ;
; N/A                                     ; 242.84 MHz ( period = 4.118 ns )                    ; MS[7]   ; BMS[3]    ; WCLK       ; WCLK     ; None                        ; None                      ; 3.856 ns                ;
; N/A                                     ; 242.84 MHz ( period = 4.118 ns )                    ; MS[7]   ; BMS[4]    ; WCLK       ; WCLK     ; None                        ; None                      ; 3.856 ns                ;
; N/A                                     ; 242.84 MHz ( period = 4.118 ns )                    ; MS[7]   ; BMS[5]    ; WCLK       ; WCLK     ; None                        ; None                      ; 3.856 ns                ;
; N/A                                     ; 242.84 MHz ( period = 4.118 ns )                    ; MS[7]   ; BMS[6]    ; WCLK       ; WCLK     ; None                        ; None                      ; 3.856 ns                ;
; N/A                                     ; 242.84 MHz ( period = 4.118 ns )                    ; MS[7]   ; BMS[7]    ; WCLK       ; WCLK     ; None                        ; None                      ; 3.856 ns                ;
; N/A                                     ; 242.84 MHz ( period = 4.118 ns )                    ; MS[7]   ; BMS[8]    ; WCLK       ; WCLK     ; None                        ; None                      ; 3.856 ns                ;
; N/A                                     ; 242.84 MHz ( period = 4.118 ns )                    ; MS[7]   ; BMS[9]    ; WCLK       ; WCLK     ; None                        ; None                      ; 3.856 ns                ;
; N/A                                     ; 242.84 MHz ( period = 4.118 ns )                    ; MS[7]   ; BMS[10]   ; WCLK       ; WCLK     ; None                        ; None                      ; 3.856 ns                ;
; N/A                                     ; 242.84 MHz ( period = 4.118 ns )                    ; MS[7]   ; BMS[11]   ; WCLK       ; WCLK     ; None                        ; None                      ; 3.856 ns                ;
; N/A                                     ; 242.84 MHz ( period = 4.118 ns )                    ; MS[7]   ; BMS[12]   ; WCLK       ; WCLK     ; None                        ; None                      ; 3.856 ns                ;
; N/A                                     ; 242.84 MHz ( period = 4.118 ns )                    ; MS[7]   ; BMS[13]   ; WCLK       ; WCLK     ; None                        ; None                      ; 3.856 ns                ;
; N/A                                     ; 242.84 MHz ( period = 4.118 ns )                    ; MS[7]   ; BMS[14]   ; WCLK       ; WCLK     ; None                        ; None                      ; 3.856 ns                ;
; N/A                                     ; 242.84 MHz ( period = 4.118 ns )                    ; MS[7]   ; BMS[15]   ; WCLK       ; WCLK     ; None                        ; None                      ; 3.856 ns                ;
; N/A                                     ; 248.76 MHz ( period = 4.020 ns )                    ; BMS[2]  ; LCBZ~reg0 ; WCLK       ; WCLK     ; None                        ; None                      ; 3.757 ns                ;
; N/A                                     ; 251.00 MHz ( period = 3.984 ns )                    ; MS[6]   ; BMS[1]    ; WCLK       ; WCLK     ; None                        ; None                      ; 3.722 ns                ;
; N/A                                     ; 251.00 MHz ( period = 3.984 ns )                    ; MS[6]   ; BMS[2]    ; WCLK       ; WCLK     ; None                        ; None                      ; 3.722 ns                ;
; N/A                                     ; 251.00 MHz ( period = 3.984 ns )                    ; MS[6]   ; BMS[3]    ; WCLK       ; WCLK     ; None                        ; None                      ; 3.722 ns                ;
; N/A                                     ; 251.00 MHz ( period = 3.984 ns )                    ; MS[6]   ; BMS[4]    ; WCLK       ; WCLK     ; None                        ; None                      ; 3.722 ns                ;
; N/A                                     ; 251.00 MHz ( period = 3.984 ns )                    ; MS[6]   ; BMS[5]    ; WCLK       ; WCLK     ; None                        ; None                      ; 3.722 ns                ;
; N/A                                     ; 251.00 MHz ( period = 3.984 ns )                    ; MS[6]   ; BMS[6]    ; WCLK       ; WCLK     ; None                        ; None                      ; 3.722 ns                ;
; N/A                                     ; 251.00 MHz ( period = 3.984 ns )                    ; MS[6]   ; BMS[7]    ; WCLK       ; WCLK     ; None                        ; None                      ; 3.722 ns                ;
; N/A                                     ; 251.00 MHz ( period = 3.984 ns )                    ; MS[6]   ; BMS[8]    ; WCLK       ; WCLK     ; None                        ; None                      ; 3.722 ns                ;
; N/A                                     ; 251.00 MHz ( period = 3.984 ns )                    ; MS[6]   ; BMS[9]    ; WCLK       ; WCLK     ; None                        ; None                      ; 3.722 ns                ;
; N/A                                     ; 251.00 MHz ( period = 3.984 ns )                    ; MS[6]   ; BMS[10]   ; WCLK       ; WCLK     ; None                        ; None                      ; 3.722 ns                ;
; N/A                                     ; 251.00 MHz ( period = 3.984 ns )                    ; MS[6]   ; BMS[11]   ; WCLK       ; WCLK     ; None                        ; None                      ; 3.722 ns                ;
; N/A                                     ; 251.00 MHz ( period = 3.984 ns )                    ; MS[6]   ; BMS[12]   ; WCLK       ; WCLK     ; None                        ; None                      ; 3.722 ns                ;
; N/A                                     ; 251.00 MHz ( period = 3.984 ns )                    ; MS[6]   ; BMS[13]   ; WCLK       ; WCLK     ; None                        ; None                      ; 3.722 ns                ;
; N/A                                     ; 251.00 MHz ( period = 3.984 ns )                    ; MS[6]   ; BMS[14]   ; WCLK       ; WCLK     ; None                        ; None                      ; 3.722 ns                ;
; N/A                                     ; 251.00 MHz ( period = 3.984 ns )                    ; MS[6]   ; BMS[15]   ; WCLK       ; WCLK     ; None                        ; None                      ; 3.722 ns                ;
; N/A                                     ; 251.13 MHz ( period = 3.982 ns )                    ; MS[3]   ; BMS[1]    ; WCLK       ; WCLK     ; None                        ; None                      ; 3.720 ns                ;
; N/A                                     ; 251.13 MHz ( period = 3.982 ns )                    ; MS[3]   ; BMS[2]    ; WCLK       ; WCLK     ; None                        ; None                      ; 3.720 ns                ;
; N/A                                     ; 251.13 MHz ( period = 3.982 ns )                    ; MS[3]   ; BMS[3]    ; WCLK       ; WCLK     ; None                        ; None                      ; 3.720 ns                ;
; N/A                                     ; 251.13 MHz ( period = 3.982 ns )                    ; MS[3]   ; BMS[4]    ; WCLK       ; WCLK     ; None                        ; None                      ; 3.720 ns                ;
; N/A                                     ; 251.13 MHz ( period = 3.982 ns )                    ; MS[3]   ; BMS[5]    ; WCLK       ; WCLK     ; None                        ; None                      ; 3.720 ns                ;
; N/A                                     ; 251.13 MHz ( period = 3.982 ns )                    ; MS[3]   ; BMS[6]    ; WCLK       ; WCLK     ; None                        ; None                      ; 3.720 ns                ;
; N/A                                     ; 251.13 MHz ( period = 3.982 ns )                    ; MS[3]   ; BMS[7]    ; WCLK       ; WCLK     ; None                        ; None                      ; 3.720 ns                ;
; N/A                                     ; 251.13 MHz ( period = 3.982 ns )                    ; MS[3]   ; BMS[8]    ; WCLK       ; WCLK     ; None                        ; None                      ; 3.720 ns                ;
; N/A                                     ; 251.13 MHz ( period = 3.982 ns )                    ; MS[3]   ; BMS[9]    ; WCLK       ; WCLK     ; None                        ; None                      ; 3.720 ns                ;
; N/A                                     ; 251.13 MHz ( period = 3.982 ns )                    ; MS[3]   ; BMS[10]   ; WCLK       ; WCLK     ; None                        ; None                      ; 3.720 ns                ;
; N/A                                     ; 251.13 MHz ( period = 3.982 ns )                    ; MS[3]   ; BMS[11]   ; WCLK       ; WCLK     ; None                        ; None                      ; 3.720 ns                ;
; N/A                                     ; 251.13 MHz ( period = 3.982 ns )                    ; MS[3]   ; BMS[12]   ; WCLK       ; WCLK     ; None                        ; None                      ; 3.720 ns                ;
; N/A                                     ; 251.13 MHz ( period = 3.982 ns )                    ; MS[3]   ; BMS[13]   ; WCLK       ; WCLK     ; None                        ; None                      ; 3.720 ns                ;
; N/A                                     ; 251.13 MHz ( period = 3.982 ns )                    ; MS[3]   ; BMS[14]   ; WCLK       ; WCLK     ; None                        ; None                      ; 3.720 ns                ;
; N/A                                     ; 251.13 MHz ( period = 3.982 ns )                    ; MS[3]   ; BMS[15]   ; WCLK       ; WCLK     ; None                        ; None                      ; 3.720 ns                ;
; N/A                                     ; 261.92 MHz ( period = 3.818 ns )                    ; MS[1]   ; BMS[1]    ; WCLK       ; WCLK     ; None                        ; None                      ; 3.556 ns                ;
; N/A                                     ; 261.92 MHz ( period = 3.818 ns )                    ; MS[1]   ; BMS[2]    ; WCLK       ; WCLK     ; None                        ; None                      ; 3.556 ns                ;
; N/A                                     ; 261.92 MHz ( period = 3.818 ns )                    ; MS[1]   ; BMS[3]    ; WCLK       ; WCLK     ; None                        ; None                      ; 3.556 ns                ;
; N/A                                     ; 261.92 MHz ( period = 3.818 ns )                    ; MS[1]   ; BMS[4]    ; WCLK       ; WCLK     ; None                        ; None                      ; 3.556 ns                ;
; N/A                                     ; 261.92 MHz ( period = 3.818 ns )                    ; MS[1]   ; BMS[5]    ; WCLK       ; WCLK     ; None                        ; None                      ; 3.556 ns                ;
; N/A                                     ; 261.92 MHz ( period = 3.818 ns )                    ; MS[1]   ; BMS[6]    ; WCLK       ; WCLK     ; None                        ; None                      ; 3.556 ns                ;
; N/A                                     ; 261.92 MHz ( period = 3.818 ns )                    ; MS[1]   ; BMS[7]    ; WCLK       ; WCLK     ; None                        ; None                      ; 3.556 ns                ;
; N/A                                     ; 261.92 MHz ( period = 3.818 ns )                    ; MS[1]   ; BMS[8]    ; WCLK       ; WCLK     ; None                        ; None                      ; 3.556 ns                ;
; N/A                                     ; 261.92 MHz ( period = 3.818 ns )                    ; MS[1]   ; BMS[9]    ; WCLK       ; WCLK     ; None                        ; None                      ; 3.556 ns                ;
; N/A                                     ; 261.92 MHz ( period = 3.818 ns )                    ; MS[1]   ; BMS[10]   ; WCLK       ; WCLK     ; None                        ; None                      ; 3.556 ns                ;
; N/A                                     ; 261.92 MHz ( period = 3.818 ns )                    ; MS[1]   ; BMS[11]   ; WCLK       ; WCLK     ; None                        ; None                      ; 3.556 ns                ;
; N/A                                     ; 261.92 MHz ( period = 3.818 ns )                    ; MS[1]   ; BMS[12]   ; WCLK       ; WCLK     ; None                        ; None                      ; 3.556 ns                ;
; N/A                                     ; 261.92 MHz ( period = 3.818 ns )                    ; MS[1]   ; BMS[13]   ; WCLK       ; WCLK     ; None                        ; None                      ; 3.556 ns                ;
; N/A                                     ; 261.92 MHz ( period = 3.818 ns )                    ; MS[1]   ; BMS[14]   ; WCLK       ; WCLK     ; None                        ; None                      ; 3.556 ns                ;
; N/A                                     ; 261.92 MHz ( period = 3.818 ns )                    ; MS[1]   ; BMS[15]   ; WCLK       ; WCLK     ; None                        ; None                      ; 3.556 ns                ;
; N/A                                     ; 262.54 MHz ( period = 3.809 ns )                    ; MS[5]   ; BMS[1]    ; WCLK       ; WCLK     ; None                        ; None                      ; 3.547 ns                ;
; N/A                                     ; 262.54 MHz ( period = 3.809 ns )                    ; MS[5]   ; BMS[2]    ; WCLK       ; WCLK     ; None                        ; None                      ; 3.547 ns                ;
; N/A                                     ; 262.54 MHz ( period = 3.809 ns )                    ; MS[5]   ; BMS[3]    ; WCLK       ; WCLK     ; None                        ; None                      ; 3.547 ns                ;
; N/A                                     ; 262.54 MHz ( period = 3.809 ns )                    ; MS[5]   ; BMS[4]    ; WCLK       ; WCLK     ; None                        ; None                      ; 3.547 ns                ;
; N/A                                     ; 262.54 MHz ( period = 3.809 ns )                    ; MS[5]   ; BMS[5]    ; WCLK       ; WCLK     ; None                        ; None                      ; 3.547 ns                ;
; N/A                                     ; 262.54 MHz ( period = 3.809 ns )                    ; MS[5]   ; BMS[6]    ; WCLK       ; WCLK     ; None                        ; None                      ; 3.547 ns                ;
; N/A                                     ; 262.54 MHz ( period = 3.809 ns )                    ; MS[5]   ; BMS[7]    ; WCLK       ; WCLK     ; None                        ; None                      ; 3.547 ns                ;
; N/A                                     ; 262.54 MHz ( period = 3.809 ns )                    ; MS[5]   ; BMS[8]    ; WCLK       ; WCLK     ; None                        ; None                      ; 3.547 ns                ;
; N/A                                     ; 262.54 MHz ( period = 3.809 ns )                    ; MS[5]   ; BMS[9]    ; WCLK       ; WCLK     ; None                        ; None                      ; 3.547 ns                ;
; N/A                                     ; 262.54 MHz ( period = 3.809 ns )                    ; MS[5]   ; BMS[10]   ; WCLK       ; WCLK     ; None                        ; None                      ; 3.547 ns                ;
; N/A                                     ; 262.54 MHz ( period = 3.809 ns )                    ; MS[5]   ; BMS[11]   ; WCLK       ; WCLK     ; None                        ; None                      ; 3.547 ns                ;
; N/A                                     ; 262.54 MHz ( period = 3.809 ns )                    ; MS[5]   ; BMS[12]   ; WCLK       ; WCLK     ; None                        ; None                      ; 3.547 ns                ;
; N/A                                     ; 262.54 MHz ( period = 3.809 ns )                    ; MS[5]   ; BMS[13]   ; WCLK       ; WCLK     ; None                        ; None                      ; 3.547 ns                ;
; N/A                                     ; 262.54 MHz ( period = 3.809 ns )                    ; MS[5]   ; BMS[14]   ; WCLK       ; WCLK     ; None                        ; None                      ; 3.547 ns                ;
; N/A                                     ; 262.54 MHz ( period = 3.809 ns )                    ; MS[5]   ; BMS[15]   ; WCLK       ; WCLK     ; None                        ; None                      ; 3.547 ns                ;
; N/A                                     ; 262.54 MHz ( period = 3.809 ns )                    ; MS[4]   ; LCBZ~reg0 ; WCLK       ; WCLK     ; None                        ; None                      ; 3.548 ns                ;
; N/A                                     ; 263.44 MHz ( period = 3.796 ns )                    ; MS[0]   ; LCBZ~reg0 ; WCLK       ; WCLK     ; None                        ; None                      ; 3.535 ns                ;
; N/A                                     ; 263.57 MHz ( period = 3.794 ns )                    ; MS[7]   ; LCBZ~reg0 ; WCLK       ; WCLK     ; None                        ; None                      ; 3.533 ns                ;
; N/A                                     ; 265.39 MHz ( period = 3.768 ns )                    ; BMS[4]  ; LCBZ~reg0 ; WCLK       ; WCLK     ; None                        ; None                      ; 3.505 ns                ;
; N/A                                     ; 273.22 MHz ( period = 3.660 ns )                    ; MS[6]   ; LCBZ~reg0 ; WCLK       ; WCLK     ; None                        ; None                      ; 3.399 ns                ;
; N/A                                     ; 273.37 MHz ( period = 3.658 ns )                    ; MS[3]   ; LCBZ~reg0 ; WCLK       ; WCLK     ; None                        ; None                      ; 3.397 ns                ;
; N/A                                     ; 273.52 MHz ( period = 3.656 ns )                    ; MS[2]   ; BMS[1]    ; WCLK       ; WCLK     ; None                        ; None                      ; 3.394 ns                ;
; N/A                                     ; 273.52 MHz ( period = 3.656 ns )                    ; MS[2]   ; BMS[2]    ; WCLK       ; WCLK     ; None                        ; None                      ; 3.394 ns                ;
; N/A                                     ; 273.52 MHz ( period = 3.656 ns )                    ; MS[2]   ; BMS[3]    ; WCLK       ; WCLK     ; None                        ; None                      ; 3.394 ns                ;
; N/A                                     ; 273.52 MHz ( period = 3.656 ns )                    ; MS[2]   ; BMS[4]    ; WCLK       ; WCLK     ; None                        ; None                      ; 3.394 ns                ;
; N/A                                     ; 273.52 MHz ( period = 3.656 ns )                    ; MS[2]   ; BMS[5]    ; WCLK       ; WCLK     ; None                        ; None                      ; 3.394 ns                ;
; N/A                                     ; 273.52 MHz ( period = 3.656 ns )                    ; MS[2]   ; BMS[6]    ; WCLK       ; WCLK     ; None                        ; None                      ; 3.394 ns                ;
; N/A                                     ; 273.52 MHz ( period = 3.656 ns )                    ; MS[2]   ; BMS[7]    ; WCLK       ; WCLK     ; None                        ; None                      ; 3.394 ns                ;
; N/A                                     ; 273.52 MHz ( period = 3.656 ns )                    ; MS[2]   ; BMS[8]    ; WCLK       ; WCLK     ; None                        ; None                      ; 3.394 ns                ;
; N/A                                     ; 273.52 MHz ( period = 3.656 ns )                    ; MS[2]   ; BMS[9]    ; WCLK       ; WCLK     ; None                        ; None                      ; 3.394 ns                ;
; N/A                                     ; 273.52 MHz ( period = 3.656 ns )                    ; MS[2]   ; BMS[10]   ; WCLK       ; WCLK     ; None                        ; None                      ; 3.394 ns                ;
; N/A                                     ; 273.52 MHz ( period = 3.656 ns )                    ; MS[2]   ; BMS[11]   ; WCLK       ; WCLK     ; None                        ; None                      ; 3.394 ns                ;
; N/A                                     ; 273.52 MHz ( period = 3.656 ns )                    ; MS[2]   ; BMS[12]   ; WCLK       ; WCLK     ; None                        ; None                      ; 3.394 ns                ;
; N/A                                     ; 273.52 MHz ( period = 3.656 ns )                    ; MS[2]   ; BMS[13]   ; WCLK       ; WCLK     ; None                        ; None                      ; 3.394 ns                ;
; N/A                                     ; 273.52 MHz ( period = 3.656 ns )                    ; MS[2]   ; BMS[14]   ; WCLK       ; WCLK     ; None                        ; None                      ; 3.394 ns                ;
; N/A                                     ; 273.52 MHz ( period = 3.656 ns )                    ; MS[2]   ; BMS[15]   ; WCLK       ; WCLK     ; None                        ; None                      ; 3.394 ns                ;
; N/A                                     ; 276.32 MHz ( period = 3.619 ns )                    ; BMS[12] ; LCBZ~reg0 ; WCLK       ; WCLK     ; None                        ; None                      ; 3.356 ns                ;
; N/A                                     ; 283.13 MHz ( period = 3.532 ns )                    ; BMS[3]  ; LCBZ~reg0 ; WCLK       ; WCLK     ; None                        ; None                      ; 3.269 ns                ;
; N/A                                     ; 285.31 MHz ( period = 3.505 ns )                    ; BMS[1]  ; BMS[15]   ; WCLK       ; WCLK     ; None                        ; None                      ; 3.241 ns                ;
; N/A                                     ; 286.20 MHz ( period = 3.494 ns )                    ; MS[1]   ; LCBZ~reg0 ; WCLK       ; WCLK     ; None                        ; None                      ; 3.233 ns                ;
; N/A                                     ; 286.94 MHz ( period = 3.485 ns )                    ; MS[5]   ; LCBZ~reg0 ; WCLK       ; WCLK     ; None                        ; None                      ; 3.224 ns                ;
; N/A                                     ; 289.44 MHz ( period = 3.455 ns )                    ; MS[0]   ; MS[5]     ; WCLK       ; WCLK     ; None                        ; None                      ; 3.191 ns                ;
; N/A                                     ; 289.86 MHz ( period = 3.450 ns )                    ; BMS[0]  ; BMS[15]   ; WCLK       ; WCLK     ; None                        ; None                      ; 3.185 ns                ;
; N/A                                     ; 292.48 MHz ( period = 3.419 ns )                    ; BMS[1]  ; BMS[14]   ; WCLK       ; WCLK     ; None                        ; None                      ; 3.155 ns                ;
; N/A                                     ; 293.43 MHz ( period = 3.408 ns )                    ; BMS[14] ; LCBZ~reg0 ; WCLK       ; WCLK     ; None                        ; None                      ; 3.145 ns                ;
; N/A                                     ; 297.27 MHz ( period = 3.364 ns )                    ; BMS[0]  ; BMS[14]   ; WCLK       ; WCLK     ; None                        ; None                      ; 3.099 ns                ;
; N/A                                     ; 300.03 MHz ( period = 3.333 ns )                    ; BMS[1]  ; BMS[13]   ; WCLK       ; WCLK     ; None                        ; None                      ; 3.069 ns                ;
; N/A                                     ; 300.12 MHz ( period = 3.332 ns )                    ; MS[2]   ; LCBZ~reg0 ; WCLK       ; WCLK     ; None                        ; None                      ; 3.071 ns                ;
; N/A                                     ; 300.66 MHz ( period = 3.326 ns )                    ; MS[1]   ; MS[5]     ; WCLK       ; WCLK     ; None                        ; None                      ; 3.062 ns                ;
; N/A                                     ; 305.06 MHz ( period = 3.278 ns )                    ; BMS[0]  ; BMS[13]   ; WCLK       ; WCLK     ; None                        ; None                      ; 3.013 ns                ;
; N/A                                     ; 306.56 MHz ( period = 3.262 ns )                    ; BMS[13] ; LCBZ~reg0 ; WCLK       ; WCLK     ; None                        ; None                      ; 2.999 ns                ;
; N/A                                     ; 307.13 MHz ( period = 3.256 ns )                    ; MS[0]   ; MS[6]     ; WCLK       ; WCLK     ; None                        ; None                      ; 2.992 ns                ;
; N/A                                     ; 307.98 MHz ( period = 3.247 ns )                    ; BMS[1]  ; BMS[12]   ; WCLK       ; WCLK     ; None                        ; None                      ; 2.983 ns                ;
; N/A                                     ; 313.28 MHz ( period = 3.192 ns )                    ; BMS[0]  ; BMS[12]   ; WCLK       ; WCLK     ; None                        ; None                      ; 2.927 ns                ;
; N/A                                     ; 316.36 MHz ( period = 3.161 ns )                    ; BMS[1]  ; BMS[11]   ; WCLK       ; WCLK     ; None                        ; None                      ; 2.897 ns                ;
; N/A                                     ; 317.66 MHz ( period = 3.148 ns )                    ; MS[2]   ; MS[5]     ; WCLK       ; WCLK     ; None                        ; None                      ; 2.884 ns                ;
; N/A                                     ; 319.80 MHz ( period = 3.127 ns )                    ; MS[1]   ; MS[6]     ; WCLK       ; WCLK     ; None                        ; None                      ; 2.863 ns                ;
; N/A                                     ; 321.96 MHz ( period = 3.106 ns )                    ; BMS[0]  ; BMS[11]   ; WCLK       ; WCLK     ; None                        ; None                      ; 2.841 ns                ;
; N/A                                     ; 325.20 MHz ( period = 3.075 ns )                    ; BMS[1]  ; BMS[10]   ; WCLK       ; WCLK     ; None                        ; None                      ; 2.811 ns                ;
; N/A                                     ; 325.73 MHz ( period = 3.070 ns )                    ; BMS[2]  ; BMS[15]   ; WCLK       ; WCLK     ; None                        ; None                      ; 2.806 ns                ;
; N/A                                     ; 326.26 MHz ( period = 3.065 ns )                    ; MS[4]   ; BMS[0]    ; WCLK       ; WCLK     ; None                        ; None                      ; 2.804 ns                ;
; N/A                                     ; 327.87 MHz ( period = 3.050 ns )                    ; MS[7]   ; BMS[0]    ; WCLK       ; WCLK     ; None                        ; None                      ; 2.789 ns                ;
; N/A                                     ; 329.71 MHz ( period = 3.033 ns )                    ; MS[3]   ; MS[5]     ; WCLK       ; WCLK     ; None                        ; None                      ; 2.769 ns                ;
; N/A                                     ; 331.13 MHz ( period = 3.020 ns )                    ; BMS[0]  ; BMS[10]   ; WCLK       ; WCLK     ; None                        ; None                      ; 2.755 ns                ;
; N/A                                     ; 332.56 MHz ( period = 3.007 ns )                    ; MS[4]   ; MS[5]     ; WCLK       ; WCLK     ; None                        ; None                      ; 2.743 ns                ;
; N/A                                     ; 334.56 MHz ( period = 2.989 ns )                    ; BMS[1]  ; BMS[9]    ; WCLK       ; WCLK     ; None                        ; None                      ; 2.725 ns                ;
; N/A                                     ; 335.12 MHz ( period = 2.984 ns )                    ; BMS[2]  ; BMS[14]   ; WCLK       ; WCLK     ; None                        ; None                      ; 2.720 ns                ;
; N/A                                     ; 335.57 MHz ( period = 2.980 ns )                    ; BMS[3]  ; BMS[15]   ; WCLK       ; WCLK     ; None                        ; None                      ; 2.716 ns                ;
; N/A                                     ; 338.18 MHz ( period = 2.957 ns )                    ; BMS[4]  ; BMS[15]   ; WCLK       ; WCLK     ; None                        ; None                      ; 2.693 ns                ;
; N/A                                     ; 339.10 MHz ( period = 2.949 ns )                    ; MS[2]   ; MS[6]     ; WCLK       ; WCLK     ; None                        ; None                      ; 2.685 ns                ;
; N/A                                     ; Restricted to 340.02 MHz ( period = 2.941 ns )      ; BMS[0]  ; BMS[9]    ; WCLK       ; WCLK     ; None                        ; None                      ; 2.669 ns                ;
; N/A                                     ; Restricted to 340.02 MHz ( period = 2.941 ns )      ; BMS[15] ; LCBZ~reg0 ; WCLK       ; WCLK     ; None                        ; None                      ; 2.664 ns                ;
; N/A                                     ; Restricted to 340.02 MHz ( period = 2.941 ns )      ; MS[6]   ; BMS[0]    ; WCLK       ; WCLK     ; None                        ; None                      ; 2.655 ns                ;
; N/A                                     ; Restricted to 340.02 MHz ( period = 2.941 ns )      ; MS[0]   ; MS[2]     ; WCLK       ; WCLK     ; None                        ; None                      ; 2.648 ns                ;
; N/A                                     ; Restricted to 340.02 MHz ( period = 2.941 ns )      ; BMS[2]  ; BMS[13]   ; WCLK       ; WCLK     ; None                        ; None                      ; 2.634 ns                ;
; N/A                                     ; Restricted to 340.02 MHz ( period = 2.941 ns )      ; BMS[3]  ; BMS[14]   ; WCLK       ; WCLK     ; None                        ; None                      ; 2.630 ns                ;
; N/A                                     ; Restricted to 340.02 MHz ( period = 2.941 ns )      ; BMS[5]  ; LCBZ~reg0 ; WCLK       ; WCLK     ; None                        ; None                      ; 2.623 ns                ;
; N/A                                     ; Restricted to 340.02 MHz ( period = 2.941 ns )      ; BMS[4]  ; BMS[14]   ; WCLK       ; WCLK     ; None                        ; None                      ; 2.607 ns                ;
; N/A                                     ; Restricted to 340.02 MHz ( period = 2.941 ns )      ; BMS[10] ; LCBZ~reg0 ; WCLK       ; WCLK     ; None                        ; None                      ; 2.584 ns                ;
; N/A                                     ; Restricted to 340.02 MHz ( period = 2.941 ns )      ; MS[3]   ; MS[6]     ; WCLK       ; WCLK     ; None                        ; None                      ; 2.570 ns                ;
; N/A                                     ; Restricted to 340.02 MHz ( period = 2.941 ns )      ; BMS[2]  ; BMS[12]   ; WCLK       ; WCLK     ; None                        ; None                      ; 2.548 ns                ;
; N/A                                     ; Restricted to 340.02 MHz ( period = 2.941 ns )      ; BMS[5]  ; BMS[15]   ; WCLK       ; WCLK     ; None                        ; None                      ; 2.545 ns                ;
; N/A                                     ; Restricted to 340.02 MHz ( period = 2.941 ns )      ; MS[4]   ; MS[6]     ; WCLK       ; WCLK     ; None                        ; None                      ; 2.544 ns                ;
; N/A                                     ; Restricted to 340.02 MHz ( period = 2.941 ns )      ; BMS[3]  ; BMS[13]   ; WCLK       ; WCLK     ; None                        ; None                      ; 2.544 ns                ;
; N/A                                     ; Restricted to 340.02 MHz ( period = 2.941 ns )      ; BMS[1]  ; BMS[8]    ; WCLK       ; WCLK     ; None                        ; None                      ; 2.535 ns                ;
; N/A                                     ; Restricted to 340.02 MHz ( period = 2.941 ns )      ; BMS[6]  ; BMS[15]   ; WCLK       ; WCLK     ; None                        ; None                      ; 2.522 ns                ;
; N/A                                     ; Restricted to 340.02 MHz ( period = 2.941 ns )      ; BMS[4]  ; BMS[13]   ; WCLK       ; WCLK     ; None                        ; None                      ; 2.521 ns                ;
; N/A                                     ; Restricted to 340.02 MHz ( period = 2.941 ns )      ; MS[1]   ; MS[2]     ; WCLK       ; WCLK     ; None                        ; None                      ; 2.519 ns                ;
; N/A                                     ; Restricted to 340.02 MHz ( period = 2.941 ns )      ; BMS[0]  ; BMS[8]    ; WCLK       ; WCLK     ; None                        ; None                      ; 2.479 ns                ;
; N/A                                     ; Restricted to 340.02 MHz ( period = 2.941 ns )      ; MS[0]   ; BMS[0]    ; WCLK       ; WCLK     ; None                        ; None                      ; 2.482 ns                ;
; N/A                                     ; Restricted to 340.02 MHz ( period = 2.941 ns )      ; MS[5]   ; BMS[0]    ; WCLK       ; WCLK     ; None                        ; None                      ; 2.480 ns                ;
; N/A                                     ; Restricted to 340.02 MHz ( period = 2.941 ns )      ; MS[5]   ; MS[6]     ; WCLK       ; WCLK     ; None                        ; None                      ; 2.462 ns                ;
; N/A                                     ; Restricted to 340.02 MHz ( period = 2.941 ns )      ; BMS[2]  ; BMS[11]   ; WCLK       ; WCLK     ; None                        ; None                      ; 2.462 ns                ;
; Timing analysis restricted to 200 rows. ; To change the limit use Settings (Assignments menu) ;         ;           ;            ;          ;                             ;                           ;                         ;
+-----------------------------------------+-----------------------------------------------------+---------+-----------+------------+----------+-----------------------------+---------------------------+-------------------------+


+-----------------------------------------------------------------+
; tsu                                                             ;
+-------+--------------+------------+------+-----------+----------+
; Slack ; Required tsu ; Actual tsu ; From ; To        ; To Clock ;
+-------+--------------+------------+------+-----------+----------+
; N/A   ; None         ; 7.097 ns   ; DDBZ ; BMS[1]    ; WCLK     ;
; N/A   ; None         ; 7.097 ns   ; DDBZ ; BMS[2]    ; WCLK     ;
; N/A   ; None         ; 7.097 ns   ; DDBZ ; BMS[3]    ; WCLK     ;
; N/A   ; None         ; 7.097 ns   ; DDBZ ; BMS[4]    ; WCLK     ;
; N/A   ; None         ; 7.097 ns   ; DDBZ ; BMS[5]    ; WCLK     ;
; N/A   ; None         ; 7.097 ns   ; DDBZ ; BMS[6]    ; WCLK     ;
; N/A   ; None         ; 7.097 ns   ; DDBZ ; BMS[7]    ; WCLK     ;
; N/A   ; None         ; 7.097 ns   ; DDBZ ; BMS[8]    ; WCLK     ;
; N/A   ; None         ; 7.097 ns   ; DDBZ ; BMS[9]    ; WCLK     ;
; N/A   ; None         ; 7.097 ns   ; DDBZ ; BMS[10]   ; WCLK     ;
; N/A   ; None         ; 7.097 ns   ; DDBZ ; BMS[11]   ; WCLK     ;
; N/A   ; None         ; 7.097 ns   ; DDBZ ; BMS[12]   ; WCLK     ;
; N/A   ; None         ; 7.097 ns   ; DDBZ ; BMS[13]   ; WCLK     ;
; N/A   ; None         ; 7.097 ns   ; DDBZ ; BMS[14]   ; WCLK     ;
; N/A   ; None         ; 7.097 ns   ; DDBZ ; BMS[15]   ; WCLK     ;
; N/A   ; None         ; 6.773 ns   ; DDBZ ; LCBZ~reg0 ; WCLK     ;
; N/A   ; None         ; 6.579 ns   ; DDBZ ; BMS[0]    ; WCLK     ;
; N/A   ; None         ; 5.856 ns   ; DDBZ ; MS[4]     ; WCLK     ;
; N/A   ; None         ; 5.856 ns   ; DDBZ ; MS[7]     ; WCLK     ;
; N/A   ; None         ; 5.856 ns   ; DDBZ ; MS[6]     ; WCLK     ;
; N/A   ; None         ; 5.856 ns   ; DDBZ ; MS[5]     ; WCLK     ;
; N/A   ; None         ; 5.856 ns   ; DDBZ ; MS[0]     ; WCLK     ;
; N/A   ; None         ; 5.856 ns   ; DDBZ ; MS[3]     ; WCLK     ;
; N/A   ; None         ; 5.856 ns   ; DDBZ ; MS[1]     ; WCLK     ;
; N/A   ; None         ; 5.856 ns   ; DDBZ ; MS[2]     ; WCLK     ;
+-------+--------------+------------+------+-----------+----------+


+-----------------------------------------------------------------------+
; tco                                                                   ;
+-------+--------------+------------+-----------+----------+------------+
; Slack ; Required tco ; Actual tco ; From      ; To       ; From Clock ;
+-------+--------------+------------+-----------+----------+------------+
; N/A   ; None         ; 9.934 ns   ; BMS[14]   ; XSLC[14] ; WCLK       ;
; N/A   ; None         ; 9.905 ns   ; LCBZ~reg0 ; LCBZ     ; WCLK       ;
; N/A   ; None         ; 9.844 ns   ; BMS[4]    ; XSLC[4]  ; WCLK       ;
; N/A   ; None         ; 9.638 ns   ; BMS[0]    ; XSLC[0]  ; WCLK       ;
; N/A   ; None         ; 9.376 ns   ; BMS[12]   ; XSLC[12] ; WCLK       ;
; N/A   ; None         ; 9.223 ns   ; BMS[10]   ; XSLC[10] ; WCLK       ;
; N/A   ; None         ; 9.089 ns   ; BMS[2]    ; XSLC[2]  ; WCLK       ;
; N/A   ; None         ; 9.066 ns   ; BMS[6]    ; XSLC[6]  ; WCLK       ;
; N/A   ; None         ; 8.889 ns   ; BMS[1]    ; XSLC[1]  ; WCLK       ;
; N/A   ; None         ; 8.825 ns   ; BMS[13]   ; XSLC[13] ; WCLK       ;
; N/A   ; None         ; 8.808 ns   ; BMS[11]   ; XSLC[11] ; WCLK       ;
; N/A   ; None         ; 8.690 ns   ; BMS[15]   ; XSLC[15] ; WCLK       ;
; N/A   ; None         ; 8.549 ns   ; BMS[7]    ; XSLC[7]  ; WCLK       ;
; N/A   ; None         ; 8.513 ns   ; BMS[5]    ; XSLC[5]  ; WCLK       ;
; N/A   ; None         ; 8.504 ns   ; BMS[9]    ; XSLC[9]  ; WCLK       ;
; N/A   ; None         ; 8.504 ns   ; BMS[8]    ; XSLC[8]  ; WCLK       ;
; N/A   ; None         ; 8.453 ns   ; BMS[3]    ; XSLC[3]  ; WCLK       ;
; N/A   ; None         ; 8.447 ns   ; JFBZ~reg0 ; JFBZ     ; WCLK       ;
+-------+--------------+------------+-----------+----------+------------+


+-----------------------------------------------------------------------+
; th                                                                    ;
+---------------+-------------+-----------+------+-----------+----------+
; Minimum Slack ; Required th ; Actual th ; From ; To        ; To Clock ;
+---------------+-------------+-----------+------+-----------+----------+
; N/A           ; None        ; -5.590 ns ; DDBZ ; MS[4]     ; WCLK     ;
; N/A           ; None        ; -5.590 ns ; DDBZ ; MS[7]     ; WCLK     ;
; N/A           ; None        ; -5.590 ns ; DDBZ ; MS[6]     ; WCLK     ;
; N/A           ; None        ; -5.590 ns ; DDBZ ; MS[5]     ; WCLK     ;
; N/A           ; None        ; -5.590 ns ; DDBZ ; MS[0]     ; WCLK     ;
; N/A           ; None        ; -5.590 ns ; DDBZ ; MS[3]     ; WCLK     ;
; N/A           ; None        ; -5.590 ns ; DDBZ ; MS[1]     ; WCLK     ;
; N/A           ; None        ; -5.590 ns ; DDBZ ; MS[2]     ; WCLK     ;
; N/A           ; None        ; -6.313 ns ; DDBZ ; BMS[0]    ; WCLK     ;
; N/A           ; None        ; -6.507 ns ; DDBZ ; LCBZ~reg0 ; WCLK     ;
; N/A           ; None        ; -6.831 ns ; DDBZ ; BMS[1]    ; WCLK     ;
; N/A           ; None        ; -6.831 ns ; DDBZ ; BMS[2]    ; WCLK     ;
; N/A           ; None        ; -6.831 ns ; DDBZ ; BMS[3]    ; WCLK     ;
; N/A           ; None        ; -6.831 ns ; DDBZ ; BMS[4]    ; WCLK     ;
; N/A           ; None        ; -6.831 ns ; DDBZ ; BMS[5]    ; WCLK     ;
; N/A           ; None        ; -6.831 ns ; DDBZ ; BMS[6]    ; WCLK     ;
; N/A           ; None        ; -6.831 ns ; DDBZ ; BMS[7]    ; WCLK     ;
; N/A           ; None        ; -6.831 ns ; DDBZ ; BMS[8]    ; WCLK     ;
; N/A           ; None        ; -6.831 ns ; DDBZ ; BMS[9]    ; WCLK     ;
; N/A           ; None        ; -6.831 ns ; DDBZ ; BMS[10]   ; WCLK     ;
; N/A           ; None        ; -6.831 ns ; DDBZ ; BMS[11]   ; WCLK     ;
; N/A           ; None        ; -6.831 ns ; DDBZ ; BMS[12]   ; WCLK     ;
; N/A           ; None        ; -6.831 ns ; DDBZ ; BMS[13]   ; WCLK     ;
; N/A           ; None        ; -6.831 ns ; DDBZ ; BMS[14]   ; WCLK     ;
; N/A           ; None        ; -6.831 ns ; DDBZ ; BMS[15]   ; WCLK     ;
+---------------+-------------+-----------+------+-----------+----------+


+--------------------------+
; Timing Analyzer Messages ;
+--------------------------+
Info: *******************************************************************
Info: Running Quartus II Classic Timing Analyzer
    Info: Version 9.0 Build 235 06/17/2009 Service Pack 2 SJ Web Edition
    Info: Processing started: Wed Jul 15 21:39:58 2020
Info: Command: quartus_tan --read_settings_files=off --write_settings_files=off LCJS -c LCJS --timing_analysis_only
Warning: Found pins functioning as undefined clocks and/or memory enables
    Info: Assuming node "WCLK" is an undefined clock
Info: Clock "WCLK" has Internal fmax of 150.6 MHz between source register "BMS[5]" and destination register "JFBZ~reg0" (period= 6.64 ns)
    Info: + Longest register to register delay is 6.395 ns
        Info: 1: + IC(0.000 ns) + CELL(0.000 ns) = 0.000 ns; Loc. = LCFF_X22_Y10_N9; Fanout = 20; REG Node = 'BMS[5]'
        Info: 2: + IC(1.571 ns) + CELL(0.614 ns) = 2.185 ns; Loc. = LCCOMB_X21_Y12_N26; Fanout = 1; COMB Node = 'WideNor0~72'
        Info: 3: + IC(0.364 ns) + CELL(0.206 ns) = 2.755 ns; Loc. = LCCOMB_X21_Y12_N20; Fanout = 1; COMB Node = 'WideNor0~73'
        Info: 4: + IC(0.370 ns) + CELL(0.370 ns) = 3.495 ns; Loc. = LCCOMB_X21_Y12_N22; Fanout = 1; COMB Node = 'WideNor0~74'
        Info: 5: + IC(1.426 ns) + CELL(0.370 ns) = 5.291 ns; Loc. = LCCOMB_X23_Y11_N30; Fanout = 1; COMB Node = 'WideNor0~75'
        Info: 6: + IC(0.372 ns) + CELL(0.624 ns) = 6.287 ns; Loc. = LCCOMB_X23_Y11_N8; Fanout = 1; COMB Node = 'WideNor0~76'
        Info: 7: + IC(0.000 ns) + CELL(0.108 ns) = 6.395 ns; Loc. = LCFF_X23_Y11_N9; Fanout = 1; REG Node = 'JFBZ~reg0'
        Info: Total cell delay = 2.292 ns ( 35.84 % )
        Info: Total interconnect delay = 4.103 ns ( 64.16 % )
    Info: - Smallest clock skew is 0.019 ns
        Info: + Shortest clock path from clock "WCLK" to destination register is 2.782 ns
            Info: 1: + IC(0.000 ns) + CELL(1.090 ns) = 1.090 ns; Loc. = PIN_17; Fanout = 1; CLK Node = 'WCLK'
            Info: 2: + IC(0.139 ns) + CELL(0.000 ns) = 1.229 ns; Loc. = CLKCTRL_G2; Fanout = 26; COMB Node = 'WCLK~clkctrl'
            Info: 3: + IC(0.887 ns) + CELL(0.666 ns) = 2.782 ns; Loc. = LCFF_X23_Y11_N9; Fanout = 1; REG Node = 'JFBZ~reg0'
            Info: Total cell delay = 1.756 ns ( 63.12 % )
            Info: Total interconnect delay = 1.026 ns ( 36.88 % )
        Info: - Longest clock path from clock "WCLK" to source register is 2.763 ns
            Info: 1: + IC(0.000 ns) + CELL(1.090 ns) = 1.090 ns; Loc. = PIN_17; Fanout = 1; CLK Node = 'WCLK'
            Info: 2: + IC(0.139 ns) + CELL(0.000 ns) = 1.229 ns; Loc. = CLKCTRL_G2; Fanout = 26; COMB Node = 'WCLK~clkctrl'
            Info: 3: + IC(0.868 ns) + CELL(0.666 ns) = 2.763 ns; Loc. = LCFF_X22_Y10_N9; Fanout = 20; REG Node = 'BMS[5]'
            Info: Total cell delay = 1.756 ns ( 63.55 % )
            Info: Total interconnect delay = 1.007 ns ( 36.45 % )
    Info: + Micro clock to output delay of source is 0.304 ns
    Info: + Micro setup delay of destination is -0.040 ns
Info: tsu for register "BMS[1]" (data pin = "DDBZ", clock pin = "WCLK") is 7.097 ns
    Info: + Longest pin to register delay is 9.900 ns
        Info: 1: + IC(0.000 ns) + CELL(0.954 ns) = 0.954 ns; Loc. = PIN_143; Fanout = 10; PIN Node = 'DDBZ'
        Info: 2: + IC(6.966 ns) + CELL(0.499 ns) = 8.419 ns; Loc. = LCCOMB_X23_Y10_N20; Fanout = 16; COMB Node = 'BMS[0]~34'
        Info: 3: + IC(0.626 ns) + CELL(0.855 ns) = 9.900 ns; Loc. = LCFF_X22_Y10_N1; Fanout = 19; REG Node = 'BMS[1]'
        Info: Total cell delay = 2.308 ns ( 23.31 % )
        Info: Total interconnect delay = 7.592 ns ( 76.69 % )
    Info: + Micro setup delay of destination is -0.040 ns
    Info: - Shortest clock path from clock "WCLK" to destination register is 2.763 ns
        Info: 1: + IC(0.000 ns) + CELL(1.090 ns) = 1.090 ns; Loc. = PIN_17; Fanout = 1; CLK Node = 'WCLK'
        Info: 2: + IC(0.139 ns) + CELL(0.000 ns) = 1.229 ns; Loc. = CLKCTRL_G2; Fanout = 26; COMB Node = 'WCLK~clkctrl'
        Info: 3: + IC(0.868 ns) + CELL(0.666 ns) = 2.763 ns; Loc. = LCFF_X22_Y10_N1; Fanout = 19; REG Node = 'BMS[1]'
        Info: Total cell delay = 1.756 ns ( 63.55 % )
        Info: Total interconnect delay = 1.007 ns ( 36.45 % )
Info: tco from clock "WCLK" to destination pin "XSLC[14]" through register "BMS[14]" is 9.934 ns
    Info: + Longest clock path from clock "WCLK" to source register is 2.763 ns
        Info: 1: + IC(0.000 ns) + CELL(1.090 ns) = 1.090 ns; Loc. = PIN_17; Fanout = 1; CLK Node = 'WCLK'
        Info: 2: + IC(0.139 ns) + CELL(0.000 ns) = 1.229 ns; Loc. = CLKCTRL_G2; Fanout = 26; COMB Node = 'WCLK~clkctrl'
        Info: 3: + IC(0.868 ns) + CELL(0.666 ns) = 2.763 ns; Loc. = LCFF_X22_Y10_N27; Fanout = 4; REG Node = 'BMS[14]'
        Info: Total cell delay = 1.756 ns ( 63.55 % )
        Info: Total interconnect delay = 1.007 ns ( 36.45 % )
    Info: + Micro clock to output delay of source is 0.304 ns
    Info: + Longest register to pin delay is 6.867 ns
        Info: 1: + IC(0.000 ns) + CELL(0.000 ns) = 0.000 ns; Loc. = LCFF_X22_Y10_N27; Fanout = 4; REG Node = 'BMS[14]'
        Info: 2: + IC(3.631 ns) + CELL(3.236 ns) = 6.867 ns; Loc. = PIN_136; Fanout = 0; PIN Node = 'XSLC[14]'
        Info: Total cell delay = 3.236 ns ( 47.12 % )
        Info: Total interconnect delay = 3.631 ns ( 52.88 % )
Info: th for register "MS[4]" (data pin = "DDBZ", clock pin = "WCLK") is -5.590 ns
    Info: + Longest clock path from clock "WCLK" to destination register is 2.761 ns
        Info: 1: + IC(0.000 ns) + CELL(1.090 ns) = 1.090 ns; Loc. = PIN_17; Fanout = 1; CLK Node = 'WCLK'
        Info: 2: + IC(0.139 ns) + CELL(0.000 ns) = 1.229 ns; Loc. = CLKCTRL_G2; Fanout = 26; COMB Node = 'WCLK~clkctrl'
        Info: 3: + IC(0.866 ns) + CELL(0.666 ns) = 2.761 ns; Loc. = LCFF_X21_Y10_N21; Fanout = 3; REG Node = 'MS[4]'
        Info: Total cell delay = 1.756 ns ( 63.60 % )
        Info: Total interconnect delay = 1.005 ns ( 36.40 % )
    Info: + Micro hold delay of destination is 0.306 ns
    Info: - Shortest pin to register delay is 8.657 ns
        Info: 1: + IC(0.000 ns) + CELL(0.954 ns) = 0.954 ns; Loc. = PIN_143; Fanout = 10; PIN Node = 'DDBZ'
        Info: 2: + IC(6.848 ns) + CELL(0.855 ns) = 8.657 ns; Loc. = LCFF_X21_Y10_N21; Fanout = 3; REG Node = 'MS[4]'
        Info: Total cell delay = 1.809 ns ( 20.90 % )
        Info: Total interconnect delay = 6.848 ns ( 79.10 % )
Info: Quartus II Classic Timing Analyzer was successful. 0 errors, 1 warning
    Info: Peak virtual memory: 219 megabytes
    Info: Processing ended: Wed Jul 15 21:39:59 2020
    Info: Elapsed time: 00:00:01
    Info: Total CPU time (on all processors): 00:00:00


