Classic Timing Analyzer report for SCXZ
Thu Jul 16 15:14:28 2020
Quartus II Version 9.0 Build 235 06/17/2009 Service Pack 2 SJ Web Edition


---------------------
; Table of Contents ;
---------------------
  1. Legal Notice
  2. Timing Analyzer Summary
  3. Timing Analyzer Settings
  4. Parallel Compilation
  5. tpd
  6. Timing Analyzer Messages



----------------
; Legal Notice ;
----------------
Copyright (C) 1991-2009 Altera Corporation
Your use of Altera Corporation's design tools, logic functions 
and other software and tools, and its AMPP partner logic 
functions, and any output files from any of the foregoing 
(including device programming or simulation files), and any 
associated documentation or information are expressly subject 
to the terms and conditions of the Altera Program License 
Subscription Agreement, Altera MegaCore Function License 
Agreement, or other applicable license agreement, including, 
without limitation, that your use is for the sole purpose of 
programming logic devices manufactured by Altera and sold by 
Altera or its authorized distributors.  Please refer to the 
applicable agreement for further details.



+-------------------------------------------------------------------------------------------------------------------------------+
; Timing Analyzer Summary                                                                                                       ;
+------------------------------+-------+---------------+-------------+---------+---------+------------+----------+--------------+
; Type                         ; Slack ; Required Time ; Actual Time ; From    ; To      ; From Clock ; To Clock ; Failed Paths ;
+------------------------------+-------+---------------+-------------+---------+---------+------------+----------+--------------+
; Worst-case tpd               ; N/A   ; None          ; 17.199 ns   ; XSLC[6] ; DATA[6] ; --         ; --       ; 0            ;
; Total number of failed paths ;       ;               ;             ;         ;         ;            ;          ; 0            ;
+------------------------------+-------+---------------+-------------+---------+---------+------------+----------+--------------+


+--------------------------------------------------------------------------------------------------------------------+
; Timing Analyzer Settings                                                                                           ;
+---------------------------------------------------------------------+--------------------+------+----+-------------+
; Option                                                              ; Setting            ; From ; To ; Entity Name ;
+---------------------------------------------------------------------+--------------------+------+----+-------------+
; Device Name                                                         ; EP2C8T144C8        ;      ;    ;             ;
; Timing Models                                                       ; Final              ;      ;    ;             ;
; Default hold multicycle                                             ; Same as Multicycle ;      ;    ;             ;
; Cut paths between unrelated clock domains                           ; On                 ;      ;    ;             ;
; Cut off read during write signal paths                              ; On                 ;      ;    ;             ;
; Cut off feedback from I/O pins                                      ; On                 ;      ;    ;             ;
; Report Combined Fast/Slow Timing                                    ; Off                ;      ;    ;             ;
; Ignore Clock Settings                                               ; Off                ;      ;    ;             ;
; Analyze latches as synchronous elements                             ; On                 ;      ;    ;             ;
; Enable Recovery/Removal analysis                                    ; Off                ;      ;    ;             ;
; Enable Clock Latency                                                ; Off                ;      ;    ;             ;
; Use TimeQuest Timing Analyzer                                       ; Off                ;      ;    ;             ;
; Number of source nodes to report per destination node               ; 10                 ;      ;    ;             ;
; Number of destination nodes to report                               ; 10                 ;      ;    ;             ;
; Number of paths to report                                           ; 200                ;      ;    ;             ;
; Report Minimum Timing Checks                                        ; Off                ;      ;    ;             ;
; Use Fast Timing Models                                              ; Off                ;      ;    ;             ;
; Report IO Paths Separately                                          ; Off                ;      ;    ;             ;
; Perform Multicorner Analysis                                        ; On                 ;      ;    ;             ;
; Reports the worst-case path for each clock domain and analysis      ; Off                ;      ;    ;             ;
; Removes common clock path pessimism (CCPP) during slack computation ; Off                ;      ;    ;             ;
; Output I/O Timing Endpoint                                          ; Near End           ;      ;    ;             ;
+---------------------------------------------------------------------+--------------------+------+----+-------------+


Parallel compilation was disabled, but you have multiple processors available. Enable parallel compilation to reduce compilation time.
+-------------------------------------+
; Parallel Compilation                ;
+----------------------------+--------+
; Processors                 ; Number ;
+----------------------------+--------+
; Number detected on machine ; 4      ;
; Maximum allowed            ; 1      ;
+----------------------------+--------+


+------------------------------------------------------------------+
; tpd                                                              ;
+-------+-------------------+-----------------+----------+---------+
; Slack ; Required P2P Time ; Actual P2P Time ; From     ; To      ;
+-------+-------------------+-----------------+----------+---------+
; N/A   ; None              ; 17.199 ns       ; XSLC[6]  ; DATA[6] ;
; N/A   ; None              ; 16.910 ns       ; DDFY[6]  ; DATA[6] ;
; N/A   ; None              ; 16.698 ns       ; XSLC[3]  ; DATA[3] ;
; N/A   ; None              ; 16.680 ns       ; DDFY[14] ; DATA[6] ;
; N/A   ; None              ; 16.296 ns       ; DDSJ[10] ; DATA[2] ;
; N/A   ; None              ; 16.232 ns       ; DDSJ[2]  ; DATA[2] ;
; N/A   ; None              ; 16.099 ns       ; XSLC[14] ; DATA[6] ;
; N/A   ; None              ; 16.097 ns       ; XSLC[2]  ; DATA[2] ;
; N/A   ; None              ; 16.085 ns       ; DDSJ[5]  ; DATA[5] ;
; N/A   ; None              ; 16.064 ns       ; DDFY[3]  ; DATA[3] ;
; N/A   ; None              ; 15.628 ns       ; DDFY[2]  ; DATA[2] ;
; N/A   ; None              ; 15.361 ns       ; DDSJ[8]  ; DATA[0] ;
; N/A   ; None              ; 15.327 ns       ; SEL[2]   ; DATA[2] ;
; N/A   ; None              ; 15.284 ns       ; DDFY[5]  ; DATA[5] ;
; N/A   ; None              ; 15.147 ns       ; DDFY[10] ; DATA[2] ;
; N/A   ; None              ; 15.118 ns       ; XSLC[10] ; DATA[2] ;
; N/A   ; None              ; 15.030 ns       ; DDSJ[13] ; DATA[5] ;
; N/A   ; None              ; 15.022 ns       ; LCFY[10] ; DATA[2] ;
; N/A   ; None              ; 14.948 ns       ; LCFY[1]  ; DATA[1] ;
; N/A   ; None              ; 14.913 ns       ; DDSJ[3]  ; DATA[3] ;
; N/A   ; None              ; 14.894 ns       ; LCFY[9]  ; DATA[1] ;
; N/A   ; None              ; 14.807 ns       ; LCFY[5]  ; DATA[5] ;
; N/A   ; None              ; 14.795 ns       ; XSLC[1]  ; DATA[1] ;
; N/A   ; None              ; 14.792 ns       ; DDFY[13] ; DATA[5] ;
; N/A   ; None              ; 14.752 ns       ; DDFY[1]  ; DATA[1] ;
; N/A   ; None              ; 14.719 ns       ; SEL[2]   ; DATA[5] ;
; N/A   ; None              ; 14.639 ns       ; LCFY[13] ; DATA[5] ;
; N/A   ; None              ; 14.610 ns       ; LCFY[2]  ; DATA[2] ;
; N/A   ; None              ; 14.597 ns       ; XSLC[13] ; DATA[5] ;
; N/A   ; None              ; 14.506 ns       ; XSLC[5]  ; DATA[5] ;
; N/A   ; None              ; 14.440 ns       ; DDSJ[12] ; DATA[4] ;
; N/A   ; None              ; 14.355 ns       ; LCFY[3]  ; DATA[3] ;
; N/A   ; None              ; 14.328 ns       ; DDSJ[1]  ; DATA[1] ;
; N/A   ; None              ; 14.294 ns       ; DDSJ[0]  ; DATA[0] ;
; N/A   ; None              ; 14.222 ns       ; XSLC[9]  ; DATA[1] ;
; N/A   ; None              ; 14.219 ns       ; DDSJ[11] ; DATA[3] ;
; N/A   ; None              ; 14.157 ns       ; LCFY[12] ; DATA[4] ;
; N/A   ; None              ; 14.138 ns       ; DDFY[0]  ; DATA[0] ;
; N/A   ; None              ; 14.124 ns       ; DDFY[4]  ; DATA[4] ;
; N/A   ; None              ; 14.047 ns       ; SEL[2]   ; DATA[1] ;
; N/A   ; None              ; 13.993 ns       ; LCFY[4]  ; DATA[4] ;
; N/A   ; None              ; 13.968 ns       ; XSLC[8]  ; DATA[0] ;
; N/A   ; None              ; 13.915 ns       ; DDSJ[9]  ; DATA[1] ;
; N/A   ; None              ; 13.863 ns       ; DDSJ[6]  ; DATA[6] ;
; N/A   ; None              ; 13.823 ns       ; DDSJ[4]  ; DATA[4] ;
; N/A   ; None              ; 13.807 ns       ; SEL[1]   ; DATA[6] ;
; N/A   ; None              ; 13.694 ns       ; LCFY[8]  ; DATA[0] ;
; N/A   ; None              ; 13.690 ns       ; SEL[2]   ; DATA[3] ;
; N/A   ; None              ; 13.508 ns       ; DDFY[9]  ; DATA[1] ;
; N/A   ; None              ; 13.425 ns       ; SEL[2]   ; DATA[4] ;
; N/A   ; None              ; 13.389 ns       ; SEL[0]   ; DATA[6] ;
; N/A   ; None              ; 13.377 ns       ; DDFY[12] ; DATA[4] ;
; N/A   ; None              ; 13.309 ns       ; XSLC[11] ; DATA[3] ;
; N/A   ; None              ; 13.229 ns       ; LCFY[11] ; DATA[3] ;
; N/A   ; None              ; 13.150 ns       ; LCFY[0]  ; DATA[0] ;
; N/A   ; None              ; 13.113 ns       ; XSLC[12] ; DATA[4] ;
; N/A   ; None              ; 13.052 ns       ; XSLC[4]  ; DATA[4] ;
; N/A   ; None              ; 13.032 ns       ; SEL[2]   ; DATA[0] ;
; N/A   ; None              ; 13.026 ns       ; DDFY[11] ; DATA[3] ;
; N/A   ; None              ; 12.728 ns       ; DDSJ[14] ; DATA[6] ;
; N/A   ; None              ; 12.625 ns       ; DDSJ[7]  ; DATA[7] ;
; N/A   ; None              ; 12.483 ns       ; DDSJ[15] ; DATA[7] ;
; N/A   ; None              ; 12.328 ns       ; LCFY[7]  ; DATA[7] ;
; N/A   ; None              ; 12.211 ns       ; SEL[0]   ; DATA[3] ;
; N/A   ; None              ; 12.089 ns       ; SEL[1]   ; DATA[3] ;
; N/A   ; None              ; 12.064 ns       ; LCFY[15] ; DATA[7] ;
; N/A   ; None              ; 12.019 ns       ; SEL[0]   ; DATA[2] ;
; N/A   ; None              ; 11.898 ns       ; LCFY[14] ; DATA[6] ;
; N/A   ; None              ; 11.773 ns       ; SEL[1]   ; DATA[2] ;
; N/A   ; None              ; 11.680 ns       ; SEL[2]   ; DATA[6] ;
; N/A   ; None              ; 11.651 ns       ; SEL[1]   ; DATA[5] ;
; N/A   ; None              ; 11.649 ns       ; SEL[2]   ; DATA[7] ;
; N/A   ; None              ; 11.625 ns       ; LCFY[6]  ; DATA[6] ;
; N/A   ; None              ; 11.233 ns       ; SEL[0]   ; DATA[5] ;
; N/A   ; None              ; 10.611 ns       ; SEL[1]   ; DATA[1] ;
; N/A   ; None              ; 10.554 ns       ; SEL[0]   ; DATA[1] ;
; N/A   ; None              ; 10.355 ns       ; SEL[0]   ; DATA[0] ;
; N/A   ; None              ; 10.346 ns       ; SEL[1]   ; DATA[4] ;
; N/A   ; None              ; 10.109 ns       ; SEL[1]   ; DATA[0] ;
; N/A   ; None              ; 9.938 ns        ; SEL[0]   ; DATA[4] ;
; N/A   ; None              ; 9.582 ns        ; XSLC[0]  ; DATA[0] ;
; N/A   ; None              ; 9.573 ns        ; SEL[0]   ; DATA[7] ;
; N/A   ; None              ; 9.568 ns        ; SEL[1]   ; DATA[7] ;
; N/A   ; None              ; 8.696 ns        ; DDFY[8]  ; DATA[0] ;
; N/A   ; None              ; 7.671 ns        ; XSLC[7]  ; DATA[7] ;
; N/A   ; None              ; 7.491 ns        ; DDFY[7]  ; DATA[7] ;
; N/A   ; None              ; 6.672 ns        ; XSLC[15] ; DATA[7] ;
; N/A   ; None              ; 6.411 ns        ; DDFY[15] ; DATA[7] ;
+-------+-------------------+-----------------+----------+---------+


+--------------------------+
; Timing Analyzer Messages ;
+--------------------------+
Info: *******************************************************************
Info: Running Quartus II Classic Timing Analyzer
    Info: Version 9.0 Build 235 06/17/2009 Service Pack 2 SJ Web Edition
    Info: Processing started: Thu Jul 16 15:14:28 2020
Info: Command: quartus_tan --read_settings_files=off --write_settings_files=off SCXZ -c SCXZ --timing_analysis_only
Info: Longest tpd from source pin "XSLC[6]" to destination pin "DATA[6]" is 17.199 ns
    Info: 1: + IC(0.000 ns) + CELL(0.955 ns) = 0.955 ns; Loc. = PIN_3; Fanout = 1; PIN Node = 'XSLC[6]'
    Info: 2: + IC(6.185 ns) + CELL(0.370 ns) = 7.510 ns; Loc. = LCCOMB_X6_Y16_N28; Fanout = 1; COMB Node = 'DATA~94'
    Info: 3: + IC(0.366 ns) + CELL(0.624 ns) = 8.500 ns; Loc. = LCCOMB_X6_Y16_N22; Fanout = 1; COMB Node = 'DATA~95'
    Info: 4: + IC(4.006 ns) + CELL(0.624 ns) = 13.130 ns; Loc. = LCCOMB_X33_Y10_N28; Fanout = 1; COMB Node = 'DATA~98'
    Info: 5: + IC(1.023 ns) + CELL(3.046 ns) = 17.199 ns; Loc. = PIN_99; Fanout = 0; PIN Node = 'DATA[6]'
    Info: Total cell delay = 5.619 ns ( 32.67 % )
    Info: Total interconnect delay = 11.580 ns ( 67.33 % )
Info: Quartus II Classic Timing Analyzer was successful. 0 errors, 0 warnings
    Info: Peak virtual memory: 219 megabytes
    Info: Processing ended: Thu Jul 16 15:14:28 2020
    Info: Elapsed time: 00:00:00
    Info: Total CPU time (on all processors): 00:00:00


